2023-12-28 18:08:14,133 [INFO] Activator:176 - 


2023-12-28 18:08:14,136 [INFO] Activator:177 - !SESSION log4j initialized
2023-12-28 18:08:18,829 [INFO] LogOutputStream:77 - [STDOUT_REDIRECT] 
2023-12-28 18:08:22,344 [INFO] ApplicationProperties:184 - Using Application install path: C:\ST\STM32CubeIDE_1.14.0\STM32CubeIDE\plugins\com.st.stm32cube.common.mx_6.10.0.202311202037
2023-12-28 18:08:22,377 [INFO] DbMcusXml:78 - Set database path to: C:\ST\STM32CubeIDE_1.14.0\STM32CubeIDE\plugins\com.st.stm32cube.common.mx_6.10.0.202311202037\\db\/mcu/
2023-12-28 18:08:22,378 [INFO] ApiDb:274 - Set plugin database path to: C:\ST\STM32CubeIDE_1.14.0\STM32CubeIDE\plugins\com.st.stm32cube.common.mx_6.10.0.202311202037\\db\/plugins/boardmanager/
2023-12-28 18:08:22,379 [WARN] ApiDb:259 - Overriding images path with different value:  => C:\ST\STM32CubeIDE_1.14.0\STM32CubeIDE\plugins\com.st.stm32cube.common.mx_6.10.0.202311202037\\db\/plugins/mcufinder/images/
2023-12-28 18:08:22,392 [INFO] ApiDb:250 - Set database path to: C:\Users\saye\.stmcufinder\plugins\mcufinder//mcu/
2023-12-28 18:08:22,394 [INFO] DbMcusAds:125 - Set database path to: C:\Users\saye\.stmcufinder\plugins\mcufinder//mcu/
2023-12-28 18:08:22,398 [INFO] CrossReferenceDbSqlite:203 - Set database path to: C:\Users\saye\.stmcufinder\plugins\mcufinder//mcu/cs/
2023-12-28 18:08:22,640 [INFO] RulesReader:64 - Compatibility file has been processed (297 Rules)
2023-12-28 18:08:22,827 [INFO] DbMcusXml:78 - Set database path to: C:\ST\STM32CubeIDE_1.14.0\STM32CubeIDE\plugins\com.st.stm32cube.common.mx_6.10.0.202311202037\\db\/mcu/
2023-12-28 18:08:22,827 [INFO] ApiDb:274 - Set plugin database path to: C:\ST\STM32CubeIDE_1.14.0\STM32CubeIDE\plugins\com.st.stm32cube.common.mx_6.10.0.202311202037\\db\/plugins/boardmanager/
2023-12-28 18:08:22,827 [INFO] ApiDb:261 - Set plugin images path to: C:\ST\STM32CubeIDE_1.14.0\STM32CubeIDE\plugins\com.st.stm32cube.common.mx_6.10.0.202311202037\\db\/plugins/mcufinder/images/
2023-12-28 18:08:22,828 [WARN] DbFile:41 - Overriding database path with different value: C:\Users\saye\.stmcufinder\plugins\mcufinder/ => C:\Users\saye\.stmcufinder\plugins\mcufinder
2023-12-28 18:08:22,828 [INFO] ApiDb:250 - Set database path to: C:\Users\saye\.stmcufinder\plugins\mcufinder//mcu/
2023-12-28 18:08:22,828 [WARN] DbFile:41 - Overriding database path with different value: C:\Users\saye\.stmcufinder\plugins\mcufinder/ => C:\Users\saye\.stmcufinder\plugins\mcufinder
2023-12-28 18:08:22,828 [INFO] DbMcusAds:125 - Set database path to: C:\Users\saye\.stmcufinder\plugins\mcufinder//mcu/
2023-12-28 18:08:22,828 [WARN] DbFile:41 - Overriding database path with different value: C:\Users\saye\.stmcufinder\plugins\mcufinder/ => C:\Users\saye\.stmcufinder\plugins\mcufinder
2023-12-28 18:08:22,828 [WARN] DbFile:41 - Overriding database path with different value: C:\Users\saye\.stmcufinder\plugins\mcufinder/ => C:\Users\saye\.stmcufinder\plugins\mcufinder
2023-12-28 18:08:22,829 [INFO] CrossReferenceDbSqlite:203 - Set database path to: C:\Users\saye\.stmcufinder\plugins\mcufinder//mcu/cs/
2023-12-28 18:08:22,973 [INFO] MainPanel:264 - HeapMemory: 268435456
2023-12-28 18:08:23,108 [INFO] DbMcusXml:78 - Set database path to: C:\ST\STM32CubeIDE_1.14.0\STM32CubeIDE\plugins\com.st.stm32cube.common.mx_6.10.0.202311202037\\db\/mcu/
2023-12-28 18:08:23,109 [INFO] ApiDb:274 - Set plugin database path to: C:\ST\STM32CubeIDE_1.14.0\STM32CubeIDE\plugins\com.st.stm32cube.common.mx_6.10.0.202311202037\\db\/plugins/boardmanager/
2023-12-28 18:08:23,109 [INFO] ApiDb:261 - Set plugin images path to: C:\ST\STM32CubeIDE_1.14.0\STM32CubeIDE\plugins\com.st.stm32cube.common.mx_6.10.0.202311202037\\db\/plugins/mcufinder/images/
2023-12-28 18:08:23,109 [WARN] DbFile:41 - Overriding database path with different value: C:\Users\saye\.stmcufinder\plugins\mcufinder/ => C:\Users\saye\.stmcufinder\plugins\mcufinder
2023-12-28 18:08:23,110 [INFO] ApiDb:250 - Set database path to: C:\Users\saye\.stmcufinder\plugins\mcufinder//mcu/
2023-12-28 18:08:23,110 [WARN] DbFile:41 - Overriding database path with different value: C:\Users\saye\.stmcufinder\plugins\mcufinder/ => C:\Users\saye\.stmcufinder\plugins\mcufinder
2023-12-28 18:08:23,110 [INFO] DbMcusAds:125 - Set database path to: C:\Users\saye\.stmcufinder\plugins\mcufinder//mcu/
2023-12-28 18:08:23,110 [WARN] DbFile:41 - Overriding database path with different value: C:\Users\saye\.stmcufinder\plugins\mcufinder/ => C:\Users\saye\.stmcufinder\plugins\mcufinder
2023-12-28 18:08:23,110 [WARN] DbFile:41 - Overriding database path with different value: C:\Users\saye\.stmcufinder\plugins\mcufinder/ => C:\Users\saye\.stmcufinder\plugins\mcufinder
2023-12-28 18:08:23,110 [INFO] CrossReferenceDbSqlite:203 - Set database path to: C:\Users\saye\.stmcufinder\plugins\mcufinder//mcu/cs/
2023-12-28 18:08:23,139 [INFO] ApplicationProperties:184 - Using Application install path: C:\ST\STM32CubeIDE_1.14.0\STM32CubeIDE\plugins\com.st.stm32cube.common.mx_6.10.0.202311202037
2023-12-28 18:08:23,141 [INFO] PluginManage:196 - Search for loadable plugins [exclusion list=, ]
2023-12-28 18:08:23,144 [INFO] PluginManage:310 - Check plugin analytics
2023-12-28 18:08:23,408 [INFO] AnalyticsPlugin:253 - Accepted Software Licenses: 
2023-12-28 18:08:23,409 [INFO] AnalyticsPlugin:255 - Accepted CMSIS Pack Licenses: 
2023-12-28 18:08:23,409 [INFO] AnalyticsPlugin:257 - Accepted Firmware Licenses: 
2023-12-28 18:08:23,414 [INFO] PluginManage:359 - Loaded plugin analytics (category:tool,tabindex:-1)
2023-12-28 18:08:23,415 [INFO] PluginManage:310 - Check plugin cadmodel
2023-12-28 18:08:23,436 [INFO] CADModel:105 - Init CAD model plugin
2023-12-28 18:08:23,437 [INFO] PluginManage:359 - Loaded plugin cadmodel (category:power,tabindex:5)
2023-12-28 18:08:23,437 [INFO] PluginManage:310 - Check plugin clock
2023-12-28 18:08:23,468 [INFO] PluginManage:359 - Loaded plugin clock (category:base,tabindex:2)
2023-12-28 18:08:23,468 [INFO] PluginManage:310 - Check plugin ddr
2023-12-28 18:08:23,471 [INFO] PluginManage:359 - Loaded plugin ddr (category:tool,tabindex:6)
2023-12-28 18:08:23,471 [INFO] PluginManage:310 - Check plugin filemanager
2023-12-28 18:08:23,676 [INFO] PluginManage:359 - Loaded plugin filemanager (category:base,tabindex:10)
2023-12-28 18:08:23,676 [INFO] PluginManage:310 - Check plugin ipmanager
2023-12-28 18:08:23,698 [INFO] PluginManage:359 - Loaded plugin ipmanager (category:base,tabindex:5)
2023-12-28 18:08:23,698 [INFO] PluginManage:310 - Check plugin lpbam
2023-12-28 18:08:23,727 [INFO] PluginManage:359 - Loaded plugin lpbam (category:base,tabindex:0)
2023-12-28 18:08:23,728 [INFO] PluginManage:310 - Check plugin memorymap
2023-12-28 18:08:23,764 [INFO] PluginManage:359 - Loaded plugin memorymap (category:base,tabindex:4)
2023-12-28 18:08:23,764 [INFO] PluginManage:310 - Check plugin pinoutandconfiguration
2023-12-28 18:08:23,789 [INFO] PluginManage:359 - Loaded plugin pinoutandconfiguration (category:base,tabindex:1)
2023-12-28 18:08:23,789 [INFO] PluginManage:310 - Check plugin pinoutconfig
2023-12-28 18:08:23,936 [WARN] SupportedApi:132 - Cannot load RTOS API schema: s4s-elt-must-match.1: The content of 'definitions' must match (annotation?, (simpleType | complexType)?, (unique | key | keyref)*)). A problem was found starting at: attribute.
2023-12-28 18:08:24,241 [INFO] PluginManage:359 - Loaded plugin pinoutconfig (category:base,tabindex:0)
2023-12-28 18:08:24,241 [INFO] PluginManage:310 - Check plugin power
2023-12-28 18:08:24,271 [INFO] PluginManage:359 - Loaded plugin power (category:power,tabindex:4)
2023-12-28 18:08:24,271 [INFO] PluginManage:310 - Check plugin projectmanager
2023-12-28 18:08:24,296 [INFO] PluginManage:359 - Loaded plugin projectmanager (category:projectmanager,tabindex:3)
2023-12-28 18:08:24,296 [INFO] PluginManage:310 - Check plugin thirdparty
2023-12-28 18:08:24,701 [INFO] PluginManage:359 - Loaded plugin thirdparty (category:base,tabindex:-1)
2023-12-28 18:08:24,702 [INFO] PluginManage:310 - Check plugin tools
2023-12-28 18:08:24,702 [WARN] IntegrityCheckThread:84 - waiting for thirdparty lock release [integrity check]
2023-12-28 18:08:24,702 [INFO] IntegrityCheckThread:86 - entering critical section [integrity check]
2023-12-28 18:08:24,703 [INFO] ThirdPartyUpdaterWithRetryManager:70 - Updater plugin not ready yet. [1/15]
2023-12-28 18:08:24,764 [INFO] PluginManage:359 - Loaded plugin tools (category:base,tabindex:7)
2023-12-28 18:08:24,764 [INFO] PluginManage:310 - Check plugin tutovideos
2023-12-28 18:08:25,445 [INFO] PluginManage:359 - Loaded plugin tutovideos (category:base,tabindex:-1)
2023-12-28 18:08:25,445 [INFO] PluginManage:310 - Check plugin updater
2023-12-28 18:08:25,481 [INFO] PluginManage:359 - Loaded plugin updater (category:base,tabindex:12)
2023-12-28 18:08:25,481 [INFO] PluginManage:310 - Check plugin userauth
2023-12-28 18:08:25,495 [INFO] UserAuth:114 - Init User Auth plugin
2023-12-28 18:08:25,495 [INFO] PluginManage:359 - Loaded plugin userauth (category:base,tabindex:14)
2023-12-28 18:08:25,496 [INFO] PluginManage:283 - PluginManage : Loaded plugins [17]
2023-12-28 18:08:25,881 [INFO] PinOutPanel:1499 - setPackage(No Configuration,No Configuration)
2023-12-28 18:08:26,054 [INFO] CADModel:165 - CPN selected for project level
2023-12-28 18:08:26,054 [INFO] CADModel:114 - Register for checkConnection events
2023-12-28 18:08:26,093 [INFO] IPUIPlugin:80 - create IPUIPlugin
2023-12-28 18:08:26,093 [INFO] PluginManager:220 - loadIPPluginJar : add adc
2023-12-28 18:08:26,147 [INFO] IPUIPlugin:80 - create IPUIPlugin
2023-12-28 18:08:26,147 [INFO] PluginManager:220 - loadIPPluginJar : add aes
2023-12-28 18:08:26,219 [INFO] IPUIPlugin:80 - create IPUIPlugin
2023-12-28 18:08:26,219 [INFO] PluginManager:220 - loadIPPluginJar : add can
2023-12-28 18:08:26,260 [INFO] IPUIPlugin:80 - create IPUIPlugin
2023-12-28 18:08:26,260 [INFO] PluginManager:220 - loadIPPluginJar : add comp
2023-12-28 18:08:26,312 [INFO] IPUIPlugin:80 - create IPUIPlugin
2023-12-28 18:08:26,312 [INFO] PluginManager:220 - loadIPPluginJar : add cryp
2023-12-28 18:08:26,361 [INFO] IPUIPlugin:80 - create IPUIPlugin
2023-12-28 18:08:26,361 [INFO] PluginManager:220 - loadIPPluginJar : add dfsdm
2023-12-28 18:08:26,382 [INFO] IPUIPlugin:80 - create IPUIPlugin
2023-12-28 18:08:26,383 [INFO] PluginManager:220 - loadIPPluginJar : add dma
2023-12-28 18:08:26,465 [INFO] IPUIPlugin:80 - create IPUIPlugin
2023-12-28 18:08:26,465 [INFO] PluginManager:220 - loadIPPluginJar : add dma3
2023-12-28 18:08:26,527 [INFO] IPUIPlugin:80 - create IPUIPlugin
2023-12-28 18:08:26,527 [INFO] PluginManager:220 - loadIPPluginJar : add fatfs
2023-12-28 18:08:26,630 [INFO] IPUIPlugin:80 - create IPUIPlugin
2023-12-28 18:08:26,630 [INFO] PluginManager:220 - loadIPPluginJar : add fmc
2023-12-28 18:08:26,654 [INFO] IPUIPlugin:80 - create IPUIPlugin
2023-12-28 18:08:26,654 [INFO] PluginManager:220 - loadIPPluginJar : add freertos
2023-12-28 18:08:26,688 [INFO] IPUIPlugin:80 - create IPUIPlugin
2023-12-28 18:08:26,688 [INFO] PluginManager:220 - loadIPPluginJar : add genericplugin
2023-12-28 18:08:26,838 [INFO] IPUIPlugin:80 - create IPUIPlugin
2023-12-28 18:08:26,839 [INFO] PluginManager:220 - loadIPPluginJar : add gfxmmu
2023-12-28 18:08:27,064 [INFO] IPUIPlugin:80 - create IPUIPlugin
2023-12-28 18:08:27,065 [INFO] PluginManager:220 - loadIPPluginJar : add gic
2023-12-28 18:08:27,085 [INFO] IPUIPlugin:80 - create IPUIPlugin
2023-12-28 18:08:27,086 [INFO] PluginManager:220 - loadIPPluginJar : add gpio
2023-12-28 18:08:27,226 [INFO] IPUIPlugin:80 - create IPUIPlugin
2023-12-28 18:08:27,226 [INFO] PluginManager:220 - loadIPPluginJar : add gtzc
2023-12-28 18:08:27,277 [INFO] IPUIPlugin:80 - create IPUIPlugin
2023-12-28 18:08:27,277 [INFO] PluginManager:220 - loadIPPluginJar : add hash
2023-12-28 18:08:27,359 [INFO] IPUIPlugin:80 - create IPUIPlugin
2023-12-28 18:08:27,359 [INFO] PluginManager:220 - loadIPPluginJar : add i2c
2023-12-28 18:08:27,426 [INFO] IPUIPlugin:80 - create IPUIPlugin
2023-12-28 18:08:27,426 [INFO] PluginManager:220 - loadIPPluginJar : add i2s
2023-12-28 18:08:27,493 [INFO] IPUIPlugin:80 - create IPUIPlugin
2023-12-28 18:08:27,493 [INFO] PluginManager:220 - loadIPPluginJar : add i3c
2023-12-28 18:08:27,664 [INFO] IPUIPlugin:80 - create IPUIPlugin
2023-12-28 18:08:27,665 [INFO] PluginManager:220 - loadIPPluginJar : add ipddr
2023-12-28 18:08:27,705 [INFO] ThirdPartyUpdaterWithRetryManager:70 - Updater plugin not ready yet. [2/15]
2023-12-28 18:08:27,816 [INFO] IPUIPlugin:80 - create IPUIPlugin
2023-12-28 18:08:27,816 [INFO] PluginManager:220 - loadIPPluginJar : add linkedlist
2023-12-28 18:08:27,875 [INFO] IPUIPlugin:80 - create IPUIPlugin
2023-12-28 18:08:27,875 [INFO] PluginManager:220 - loadIPPluginJar : add lorawan
2023-12-28 18:08:27,934 [INFO] IPUIPlugin:80 - create IPUIPlugin
2023-12-28 18:08:27,935 [INFO] PluginManager:220 - loadIPPluginJar : add ltdc
2023-12-28 18:08:27,957 [INFO] IPUIPlugin:80 - create IPUIPlugin
2023-12-28 18:08:27,958 [INFO] PluginManager:220 - loadIPPluginJar : add mdma
2023-12-28 18:08:27,977 [INFO] IPUIPlugin:80 - create IPUIPlugin
2023-12-28 18:08:27,977 [INFO] PluginManager:220 - loadIPPluginJar : add nvic
2023-12-28 18:08:28,035 [INFO] IPUIPlugin:80 - create IPUIPlugin
2023-12-28 18:08:28,035 [INFO] PluginManager:220 - loadIPPluginJar : add opamp
2023-12-28 18:08:28,127 [INFO] IPUIPlugin:80 - create IPUIPlugin
2023-12-28 18:08:28,127 [INFO] PluginManager:220 - loadIPPluginJar : add openamp
2023-12-28 18:08:28,200 [INFO] IPUIPlugin:80 - create IPUIPlugin
2023-12-28 18:08:28,200 [INFO] PluginManager:220 - loadIPPluginJar : add pdm2pcm
2023-12-28 18:08:28,222 [INFO] IPUIPlugin:80 - create IPUIPlugin
2023-12-28 18:08:28,226 [INFO] PluginManager:220 - loadIPPluginJar : add plateformsettings
2023-12-28 18:08:28,259 [INFO] IPUIPlugin:80 - create IPUIPlugin
2023-12-28 18:08:28,259 [INFO] PluginManager:220 - loadIPPluginJar : add quadspi
2023-12-28 18:08:28,277 [INFO] IPUIPlugin:80 - create IPUIPlugin
2023-12-28 18:08:28,278 [INFO] PluginManager:220 - loadIPPluginJar : add resmgrutility
2023-12-28 18:08:28,350 [INFO] IPUIPlugin:80 - create IPUIPlugin
2023-12-28 18:08:28,351 [INFO] PluginManager:220 - loadIPPluginJar : add sai
2023-12-28 18:08:28,458 [INFO] IPUIPlugin:80 - create IPUIPlugin
2023-12-28 18:08:28,460 [INFO] PluginManager:220 - loadIPPluginJar : add spi
2023-12-28 18:08:28,606 [INFO] IPUIPlugin:80 - create IPUIPlugin
2023-12-28 18:08:28,606 [INFO] PluginManager:220 - loadIPPluginJar : add stm32_wpan
2023-12-28 18:08:28,643 [INFO] IPUIPlugin:80 - create IPUIPlugin
2023-12-28 18:08:28,643 [INFO] PluginManager:220 - loadIPPluginJar : add tim
2023-12-28 18:08:28,727 [INFO] IPUIPlugin:80 - create IPUIPlugin
2023-12-28 18:08:28,728 [INFO] PluginManager:220 - loadIPPluginJar : add touchsensing
2023-12-28 18:08:28,771 [INFO] IPUIPlugin:80 - create IPUIPlugin
2023-12-28 18:08:28,771 [INFO] PluginManager:220 - loadIPPluginJar : add tracer_emb
2023-12-28 18:08:28,806 [INFO] IPUIPlugin:80 - create IPUIPlugin
2023-12-28 18:08:28,807 [INFO] PluginManager:220 - loadIPPluginJar : add ts
2023-12-28 18:08:28,839 [INFO] IPUIPlugin:80 - create IPUIPlugin
2023-12-28 18:08:28,839 [INFO] PluginManager:220 - loadIPPluginJar : add tsc
2023-12-28 18:08:28,883 [INFO] IPUIPlugin:80 - create IPUIPlugin
2023-12-28 18:08:28,883 [INFO] PluginManager:220 - loadIPPluginJar : add ucpd
2023-12-28 18:08:28,947 [INFO] IPUIPlugin:80 - create IPUIPlugin
2023-12-28 18:08:28,947 [INFO] PluginManager:220 - loadIPPluginJar : add usart
2023-12-28 18:08:29,024 [INFO] IPUIPlugin:80 - create IPUIPlugin
2023-12-28 18:08:29,024 [INFO] PluginManager:220 - loadIPPluginJar : add usbx
2023-12-28 18:08:29,213 [INFO] CADModel:165 - CPN selected for project level
2023-12-28 18:08:29,213 [INFO] CADModel:114 - Register for checkConnection events
2023-12-28 18:08:29,214 [FATAL] Updater:308 - Updater called before beeing initialized
2023-12-28 18:08:29,214 [ERROR] CADModel:125 - Updater not yet initialized, retry later 
2023-12-28 18:08:29,467 [INFO] CADModel:165 - CPN selected for project level
2023-12-28 18:08:29,467 [INFO] CADModel:114 - Register for checkConnection events
2023-12-28 18:08:29,467 [FATAL] Updater:308 - Updater called before beeing initialized
2023-12-28 18:08:29,467 [ERROR] CADModel:125 - Updater not yet initialized, retry later 
2023-12-28 18:08:29,472 [FATAL] Updater:308 - Updater called before beeing initialized
2023-12-28 18:08:29,767 [FATAL] Updater:308 - Updater called before beeing initialized
2023-12-28 18:08:29,782 [INFO] DbMcusAds:53 - JSON generation date=Thu Sep 30 09:55:09 EEST 2021 (1632984909247)
2023-12-28 18:08:29,782 [FATAL] Updater:308 - Updater called before beeing initialized
2023-12-28 18:08:29,901 [WARN] DetailPanel:346 - Failed to get advertising image, set to default
2023-12-28 18:08:30,047 [FATAL] Updater:308 - Updater called before beeing initialized
2023-12-28 18:08:30,050 [FATAL] Updater:308 - Updater called before beeing initialized
2023-12-28 18:08:30,050 [FATAL] Updater:308 - Updater called before beeing initialized
2023-12-28 18:08:30,050 [WARN] DetailPanel:346 - Failed to get advertising image, set to default
2023-12-28 18:08:30,052 [FATAL] Updater:308 - Updater called before beeing initialized
2023-12-28 18:08:30,158 [ERROR] Updater:1120 - MainUpdater not yet initialized. External WinMGr cannot be set.
2023-12-28 18:08:30,183 [INFO] Updater:1056 - Updater Version found : 6.10.0
2023-12-28 18:08:30,209 [INFO] ApplicationProperties:184 - Using Application install path: C:\ST\STM32CubeIDE_1.14.0\STM32CubeIDE\plugins\com.st.stm32cube.common.mx_6.10.0.202311202037
2023-12-28 18:08:30,708 [INFO] ThirdPartyUpdaterWithRetryManager:70 - Updater plugin not ready yet. [3/15]
2023-12-28 18:08:31,808 [ERROR] LogOutputStream:75 - [STDERR_REDIRECT] Dec 28, 2023 6:08:31 PM java.util.prefs.WindowsPreferences <init>
2023-12-28 18:08:31,810 [ERROR] LogOutputStream:75 - [STDERR_REDIRECT] WARNING: Could not open/create prefs root node Software\JavaSoft\Prefs at root 0xffffffff80000002. Windows RegCreateKeyEx(...) returned error code 5.
2023-12-28 18:08:31,810 [ERROR] LogOutputStream:75 - [STDERR_REDIRECT] 
2023-12-28 18:08:32,499 [INFO] MainUpdater:2873 - connection check result : 10
2023-12-28 18:08:32,499 [INFO] MainUpdater:3567 - Updater definition file requires update
2023-12-28 18:08:32,500 [INFO] MainUpdater:290 - Updater Check For Update Now.
2023-12-28 18:08:32,500 [INFO] MicroXplorer:498 - Change Database Version : DB.6.0.100
2023-12-28 18:08:32,537 [INFO] McuFinderGlobals:63 - Set McuFinder mode to 2 (CubeIDE integrated)
2023-12-28 18:08:32,538 [INFO] UserAuth:180 - activating auth plugin
2023-12-28 18:08:32,543 [INFO] UserAuth:404 - Internet connection configuration mode: 1
2023-12-28 18:08:32,582 [INFO] JxBrowserEngine:152 - Initiate JxBrowser Engine with user profile folder
2023-12-28 18:08:32,762 [INFO] ServerAccessManage:473 - Download File updaters.zip
2023-12-28 18:08:32,958 [INFO] FileExtend:240 - Unzip File : updaters.zip
2023-12-28 18:08:32,959 [INFO] FileExtend:255 - Standard Zip Deflate
2023-12-28 18:08:33,713 [WARN] MainUpdater:1194 - Updater busy. Cannot search thirdparties
2023-12-28 18:08:33,714 [INFO] ThirdPartyUpdaterWithRetryManager:96 - Updater plugin is busy. [1/15]
2023-12-28 18:08:33,758 [INFO] ServerAccessManage:473 - Download File PacksControlFlags.xml
2023-12-28 18:08:33,927 [INFO] ServerAccessManage:473 - Download File cubemx.pidx
2023-12-28 18:08:34,123 [INFO] LoadServerUpdatesThread:375 - End of LoadServerUpdate Thread
2023-12-28 18:08:34,289 [WARN] CheckServerUpdateThread:151 - Open CheckUpdateFile Fail
2023-12-28 18:08:34,460 [INFO] CheckServerUpdateThread:120 - End of CheckServer Thread
2023-12-28 18:08:37,023 [WARN] PackLoader:240 - Cannot read IP mode file for STMicroelectronics.FP-SNS-MOTENV1.4.3.2
2023-12-28 18:08:37,078 [WARN] PackLoader:240 - Cannot read IP mode file for STMicroelectronics.FP-SNS-FLIGHT1.5.0.2
2023-12-28 18:08:37,151 [WARN] PackLoader:240 - Cannot read IP mode file for STMicroelectronics.X-CUBE-DISPLAY.3.0.0
2023-12-28 18:08:37,215 [WARN] PackLoader:240 - Cannot read IP mode file for STMicroelectronics.X-CUBE-BLE1.7.0.0
2023-12-28 18:08:37,254 [WARN] PackLoader:240 - Cannot read IP mode file for STMicroelectronics.FP-SNS-SMARTAG2.1.2.0
2023-12-28 18:08:37,288 [WARN] PackLoader:240 - Cannot read IP mode file for STMicroelectronics.X-CUBE-BLE2.3.3.0
2023-12-28 18:08:37,337 [WARN] PackLoader:240 - Cannot read IP mode file for STMicroelectronics.X-CUBE-BLEMGR.3.0.0
2023-12-28 18:08:37,379 [WARN] PackLoader:240 - Cannot read IP mode file for STMicroelectronics.FP-ATR-SIGFOX1.3.2.0
2023-12-28 18:08:37,407 [WARN] PackLoader:240 - Cannot read IP mode file for STMicroelectronics.X-CUBE-AI.8.1.0
2023-12-28 18:08:37,435 [WARN] PackLoader:240 - Cannot read IP mode file for STMicroelectronics.X-CUBE-ALS.1.0.1
2023-12-28 18:08:37,469 [WARN] PackLoader:240 - Cannot read IP mode file for STMicroelectronics.FP-ATR-ASTRA1.2.0.0
2023-12-28 18:08:37,470 [INFO] ThirdParty:978 - Integrity check success = true
2023-12-28 18:08:37,470 [INFO] IntegrityCheckThread:100 - exiting critical section [integrity check]
2023-12-28 18:08:37,471 [INFO] IntegrityCheckThread:103 - End integrity checks thread
2023-12-28 18:08:37,518 [INFO] WebApp:161 - Instantiating new browser for Auth
2023-12-28 18:08:38,511 [INFO] WebApp:780 - Register for checkConnection events
2023-12-28 18:08:38,512 [INFO] WebApp:414 - Apply proxy settings
2023-12-28 18:08:38,512 [INFO] WebApp:499 - Chromium requires no authentication
2023-12-28 18:08:38,523 [INFO] WebApp:442 - Direct internet connection detected
2023-12-28 18:08:38,784 [INFO] WebApp:192 - Starting web application
2023-12-28 18:08:38,785 [INFO] WebApp:544 - Web application path used C:\ST\STM32CubeIDE_1.14.0\STM32CubeIDE\plugins\com.st.stm32cube.common.mx_6.10.0.202311202037\db\plugins\mcufinder\reactClient1\index.html
2023-12-28 18:09:01,447 [ERROR] LogOutputStream:75 - [STDERR_REDIRECT] SLF4J: Failed to load class "org.slf4j.impl.StaticLoggerBinder".
2023-12-28 18:09:01,450 [ERROR] LogOutputStream:75 - [STDERR_REDIRECT] SLF4J: Defaulting to no-operation (NOP) logger implementation
2023-12-28 18:09:01,452 [ERROR] LogOutputStream:75 - [STDERR_REDIRECT] SLF4J: See http://www.slf4j.org/codes.html#StaticLoggerBinder for further details.
2023-12-28 18:10:00,292 [INFO] McuFinderGlobals:63 - Set McuFinder mode to 2 (CubeIDE integrated)
2023-12-28 18:10:00,352 [INFO] MainUpdater:2873 - connection check result : 10
2023-12-28 18:10:00,403 [INFO] McuFinderGlobals:76 - Set McuFinderConnectedMode to true
2023-12-28 18:10:00,983 [INFO] ServerAccessManage:473 - Download File mcusAds.json._tmp_
2023-12-28 18:10:01,116 [INFO] LoadUrlFilesThread:156 - End of LoadUrlFiles Thread
2023-12-28 18:10:01,388 [INFO] ServerAccessManage:473 - Download File cube-finder-db.zip
2023-12-28 18:10:05,499 [INFO] FileExtend:240 - Unzip File : cube-finder-db.zip
2023-12-28 18:10:05,500 [INFO] FileExtend:255 - Standard Zip Deflate
2023-12-28 18:10:07,605 [INFO] LoadUrlFilesThread:156 - End of LoadUrlFiles Thread
2023-12-28 18:10:09,342 [INFO] ServerAccessManage:473 - Download File crdb.zip
2023-12-28 18:10:10,035 [INFO] FileExtend:240 - Unzip File : crdb.zip
2023-12-28 18:10:10,035 [INFO] FileExtend:255 - Standard Zip Deflate
2023-12-28 18:10:10,246 [INFO] LoadUrlFilesThread:156 - End of LoadUrlFiles Thread
2023-12-28 18:10:10,570 [INFO] ServerAccessManage:473 - Download File tutoVideoDB.zip
2023-12-28 18:10:10,602 [INFO] FileExtend:240 - Unzip File : tutoVideoDB.zip
2023-12-28 18:10:10,603 [INFO] FileExtend:255 - Standard Zip Deflate
2023-12-28 18:10:10,738 [INFO] LoadUrlFilesThread:156 - End of LoadUrlFiles Thread
2023-12-28 18:10:10,753 [WARN] DbFile:41 - Overriding database path with different value: C:\Users\saye\.stmcufinder\plugins\mcufinder/ => C:\Users\saye\.stmcufinder\plugins\mcufinder
2023-12-28 18:10:10,994 [INFO] ServerAccessManage:473 - Download File api_config.json
2023-12-28 18:10:11,126 [INFO] LoadUrlFilesThread:156 - End of LoadUrlFiles Thread
2023-12-28 18:10:11,128 [INFO] DbMcusAds:53 - JSON generation date=Wed Nov 29 12:52:27 EET 2023 (1701255147349)
2023-12-28 18:10:11,589 [INFO] ServerAccessManage:473 - Download File 
2023-12-28 18:10:11,679 [INFO] LoadUrlFilesThread:185 - End of LoadServerUrlFiles without Thread
2023-12-28 18:10:11,680 [INFO] TargetSelectorAdapter:259 - Refresh data is successful
2023-12-28 18:10:11,970 [INFO] ApiDb:581 - Connected to CubeFinder SQLite database (C:\Users\saye\.stmcufinder\plugins\mcufinder\mcu\cube-finder-db.db)
2023-12-28 18:10:12,136 [INFO] ApiDb:668 - CubeFinder database Data Model version=2.1
2023-12-28 18:10:12,141 [INFO] ApiDb:669 - CubeFinder database Configuration version=3.0.39
2023-12-28 18:10:12,143 [INFO] ApiDb:670 - CubeFinder database generation date=2023-12-08 (1702028721)
2023-12-28 18:10:12,144 [INFO] ApiDb:671 - CubeFinder database FW Pack versions=[FP-ATR-ASTRA1_V2.0.0, FP-SNS-FLIGHT1_V5.0.1, FP-SNS-FLIGHT1_V5.0.2, FP-SNS-MOTENV1_V4.3.1, FP-SNS-MOTENV1_V4.3.2, FP-SNS-MOTENVWB1_V1.3.1, FP-SNS-SMARTAG2_V1.2.0, STM32Cube_FW_C0_V1.1.0, STM32Cube_FW_F4_V1.28.0, STM32Cube_FW_F7_V1.17.0, STM32Cube_FW_G0_V1.6.1, STM32Cube_FW_G4_V1.5.1, STM32Cube_FW_H5_V0.5.1, STM32Cube_FW_H5_V1.1.1, STM32Cube_FW_H5_V1.2.0RC2, STM32Cube_FW_H7_V1.11.0, STM32Cube_FW_L0_V1.12.2, STM32Cube_FW_L5_V1.5.0, STM32Cube_FW_U5_V1.3.0RC4, STM32Cube_FW_U5_V1.4.0, STM32Cube_FW_WBA_V1.0.0RC1, STM32Cube_FW_WBA_V1.1.0RC1, STM32Cube_FW_WBA_V1.2.0, STM32Cube_FW_WBA_V1.2.0RC2, STM32Cube_FW_WB_V1.15.0RC1, STM32Cube_FW_WB_V1.16.0, STM32Cube_FW_WB_V1.16.0RC2, STM32Cube_FW_WB_V1.18.0, STM32Cube_FW_WL_V1.3.0, X-CUBE-ALGOBUILD_V1.3.0, X-CUBE-ALS_V1.0.1, X-CUBE-AZRTOS-F4_V1.1.0, X-CUBE-AZRTOS-F7_V1.1.0, X-CUBE-AZRTOS-G0_V1.1.0, X-CUBE-AZRTOS-G4_V2.0.0, X-CUBE-AZRTOS-H7_V3.1.0, X-CUBE-AZRTOS-L4_V1.0.0, X-CUBE-AZRTOS-L4_V2.0.0, X-CUBE-AZRTOS-L5_V1.1.0, X-CUBE-AZRTOS-WB_V2.0.0, X-CUBE-AZRTOS-WL_V2.0.0, X-CUBE-BLE1_V7.0.0, X-CUBE-BLE2_V3.3.0, X-CUBE-BLEMGR_V3.0.0, X-CUBE-EEPRMA1_V4.1.0, X-CUBE-EEPRMA1_V4.2.0, X-CUBE-FREERTOS_V1.1.0, X-CUBE-GNSS1_V6.0.0, X-CUBE-MEMS1_V10.0.0, X-CUBE-MEMS1_V9.1.0, X-CUBE-MEMS1_V9.4.0, X-CUBE-MEMS1_V9.6.0, X-CUBE-NFC4_V3.0.0, X-CUBE-NFC7_V1.0.1, X-CUBE-SFXS2LP1_V4.0.0, X-CUBE-SUBG2_V5.0.0, X-CUBE-TOF1_V3.4.0]
2023-12-28 18:10:17,272 [INFO] ApiDb:240 - Found 371 in-development CPN: [B-G473E-ZEST1S, B-WB1M-WPAN1, B-WL5M-SUBG1, NUCLEO-C031C6, NUCLEO-H503RB, NUCLEO-H563ZI, NUCLEO-U545RE-Q, NUCLEO-U5A5ZJ-Q, NUCLEO-WBA52CG, NUCLEO-WBA55CG, STEVAL-MKBOXPRO, STEVAL-PROTEUS1, STEVAL-STWINBX1, STM320518-EVAL, STM32C0116-DK, STM32C011D6Y3TR, STM32C011D6Y6TR, STM32C011F4P3, STM32C011F4P6, STM32C011F4U3, STM32C011F4U6TR, STM32C011F6P3, STM32C011F6P6, STM32C011F6U3, STM32C011F6U6TR, STM32C011J4M3, STM32C011J4M6, STM32C011J6M3, STM32C011J6M6, STM32C0316-DK, STM32C031C4T3, STM32C031C4T6, STM32C031C4U3, STM32C031C4U6, STM32C031C6T3, STM32C031C6T6, STM32C031C6U3, STM32C031C6U6, STM32C031F4P3, STM32C031F4P6, STM32C031F6P3, STM32C031F6P6, STM32C031G4U3, STM32C031G4U6, STM32C031G6U3, STM32C031G6U6, STM32C031K4T3, STM32C031K4T6, STM32C031K4U3, STM32C031K4U6, STM32C031K6T3, STM32C031K6T6, STM32C031K6U3, STM32C031K6U6, STM32G071K8TXN, STM32G071K8UXN, STM32G081GBU6N, STM32G081KBT6N, STM32G081KBUXN, STM32G0B1CCT6N, STM32G0B1KCT6, STM32G0B1NEY6TR, STM32G0B1RCT6N, STM32G0C1CCT6, STM32G0C1CCT6N, STM32G0C1CCU6N, STM32G0C1CET6N, STM32G0C1CEU6N, STM32G0C1KCT6, STM32G0C1NEY6TR, STM32G0C1RCI6N, STM32G0C1RCT6N, STM32G0C1REI6N, STM32G0C1RET6N, STM32G0C1VCI6, STM32G0C1VEI6, STM32G471CCT6, STM32G471CCU6, STM32G471CET3, STM32G471CET6, STM32G471CEU3, STM32G471CEU6, STM32G471MCT6, STM32G471MET3, STM32G471MET6, STM32G471MEY6TR, STM32G471QCT6, STM32G471QET3, STM32G471RCT6, STM32G471RET3, STM32G471RET6, STM32G471VCH6, STM32G471VCI6, STM32G471VCT6, STM32G471VEH3, STM32G471VEH6, STM32G471VEI3, STM32G471VEI6, STM32G471VET3, STM32G471VET6, STM32G474CCT6, STM32H503CBT6, STM32H503CBU6, STM32H503EBY6TR, STM32H503KBU6, STM32H503RBT6, STM32H562AGI6, STM32H562AII6, STM32H562IGK6, STM32H562IGT6, STM32H562IIK6, STM32H562IIT6, STM32H562RGT6, STM32H562RGV6, STM32H562RIT6, STM32H562RIV6, STM32H562VGT6, STM32H562VIT6, STM32H562ZGT6, STM32H562ZIT6, STM32H563AGI6, STM32H563AII3Q, STM32H563AII6, STM32H563IGK6, STM32H563IGT6, STM32H563IIK3Q, STM32H563IIK6, STM32H563IIT3Q, STM32H563IIT6, STM32H563MIY3QTR, STM32H563RGT6, STM32H563RGV6, STM32H563RIT6, STM32H563RIV6, STM32H563VGT6, STM32H563VIT3Q, STM32H563VIT6, STM32H563ZGT6, STM32H563ZIT3Q, STM32H563ZIT6, STM32H573AII3Q, STM32H573AII6, STM32H573I-DK, STM32H573IIK3Q, STM32H573IIK6, STM32H573IIT3Q, STM32H573IIT6, STM32H573MIY3QTR, STM32H573RIT6, STM32H573RIV6, STM32H573VIT3Q, STM32H573VIT6, STM32H573ZIT3Q, STM32H573ZIT6, STM32L4R5QGI6STR, STM32MP131AAE3, STM32MP131AAF3, STM32MP131AAG3, STM32MP131CAE3, STM32MP131CAF3, STM32MP131CAG3, STM32MP131DAE7, STM32MP131DAF7, STM32MP131DAG7, STM32MP131FAE7, STM32MP131FAF7, STM32MP131FAG7, STM32MP133AAE3, STM32MP133AAF3, STM32MP133AAG3, STM32MP133CAE3, STM32MP133CAF3, STM32MP133CAG3, STM32MP133DAE7, STM32MP133DAF7, STM32MP133DAG7, STM32MP133FAE7, STM32MP133FAF7, STM32MP133FAG7, STM32MP135AAE3, STM32MP135AAF3, STM32MP135AAG3, STM32MP135CAE3, STM32MP135CAF3, STM32MP135CAG3, STM32MP135DAE7, STM32MP135DAF7, STM32MP135DAG7, STM32MP135F-DK, STM32MP135FAE7, STM32MP135FAF7, STM32MP135FAF7T, STM32MP135FAF7U, STM32MP135FAG7, STM32U535CBT6, STM32U535CBT6Q, STM32U535CBU6, STM32U535CBU6Q, STM32U535CCT6, STM32U535CCT6Q, STM32U535CCU6, STM32U535CCU6Q, STM32U535CET6, STM32U535CET6Q, STM32U535CEU6, STM32U535CEU6Q, STM32U535JEY6QTR, STM32U535NCY6QTR, STM32U535NEY6QTR, STM32U535RBI6, STM32U535RBI6Q, STM32U535RBT6, STM32U535RBT6Q, STM32U535RCI6, STM32U535RCI6Q, STM32U535RCT6, STM32U535RCT6Q, STM32U535REI6, STM32U535REI6Q, STM32U535RET6, STM32U535RET6Q, STM32U535VCI6, STM32U535VCI6Q, STM32U535VCT6, STM32U535VCT6Q, STM32U535VEI6, STM32U535VEI6Q, STM32U535VET6, STM32U535VET6Q, STM32U545CET6, STM32U545CET6Q, STM32U545CEU6, STM32U545CEU6Q, STM32U545JEY6QTR, STM32U545NEY6QTR, STM32U545REI6, STM32U545REI6Q, STM32U545RET6, STM32U545RET6Q, STM32U545VEI6, STM32U545VEI6Q, STM32U545VET6, STM32U545VET6Q, STM32U595AIH6, STM32U595AIH6Q, STM32U595AJH6, STM32U595AJH6Q, STM32U595QII6, STM32U595QII6Q, STM32U595QJI6, STM32U595QJI6Q, STM32U595RIT6, STM32U595RIT6Q, STM32U595RJT6, STM32U595RJT6Q, STM32U595VIT6, STM32U595VIT6Q, STM32U595VJT6, STM32U595VJT6Q, STM32U595ZIT6, STM32U595ZIT6Q, STM32U595ZIY6QTR, STM32U595ZJT6, STM32U595ZJT6Q, STM32U595ZJY6QTR, STM32U599BJY6QTR, STM32U599NIH6Q, STM32U599NJH6Q, STM32U599VIT6Q, STM32U599VJT6, STM32U599VJT6Q, STM32U599ZIT6Q, STM32U599ZIY6QTR, STM32U599ZJT6Q, STM32U599ZJY6QTR, STM32U5A5AJH6, STM32U5A5AJH6Q, STM32U5A5QJI6, STM32U5A5QJI6Q, STM32U5A5RJT6, STM32U5A5RJT6Q, STM32U5A5VJT6, STM32U5A5VJT6Q, STM32U5A5ZJT6, STM32U5A5ZJT6Q, STM32U5A5ZJY6QTR, STM32U5A9BJY6QTR, STM32U5A9J-DK, STM32U5A9NJH6Q, STM32U5A9VJT6Q, STM32U5A9ZJT6Q, STM32U5A9ZJY6QTR, STM32U5F7VIT6, STM32U5F7VIT6Q, STM32U5F7VJT6, STM32U5F7VJT6Q, STM32U5F9BJY6QTR, STM32U5F9NJH6Q, STM32U5F9VIT6Q, STM32U5F9VJT6Q, STM32U5F9ZIJ6QTR, STM32U5F9ZIT6Q, STM32U5F9ZJJ6QTR, STM32U5F9ZJT6Q, STM32U5G7VJT6, STM32U5G7VJT6Q, STM32U5G9BJY6QTR, STM32U5G9J-DK1, STM32U5G9J-DK2, STM32U5G9NJH6Q, STM32U5G9VJT6Q, STM32U5G9ZJJ6QTR, STM32U5G9ZJT6Q, STM32WB1MMCH6, STM32WBA50KEU6, STM32WBA50KEU6TR, STM32WBA50KGU6, STM32WBA50KGU6TR, STM32WBA52CEU6, STM32WBA52CEU6TR, STM32WBA52CEU7, STM32WBA52CEU7TR, STM32WBA52CGU6, STM32WBA52CGU6TR, STM32WBA52CGU6U, STM32WBA52CGU7, STM32WBA52CGU7TR, STM32WBA52KEU6, STM32WBA52KEU6TR, STM32WBA52KGU6, STM32WBA52KGU6TR, STM32WBA54CEU6, STM32WBA54CEU6TR, STM32WBA54CEU7, STM32WBA54CEU7TR, STM32WBA54CGU6, STM32WBA54CGU6TR, STM32WBA54CGU7, STM32WBA54CGU7TR, STM32WBA54KEU6, STM32WBA54KEU6TR, STM32WBA54KEU7, STM32WBA54KEU7TR, STM32WBA54KGU6, STM32WBA54KGU6TR, STM32WBA54KGU7, STM32WBA54KGU7TR, STM32WBA55CEU6, STM32WBA55CEU6TR, STM32WBA55CEU7, STM32WBA55CEU7TR, STM32WBA55CGU6, STM32WBA55CGU6TR, STM32WBA55CGU6U, STM32WBA55CGU7, STM32WBA55CGU7TR, STM32WBA55G-DK1, STM32WBA55HEF6, STM32WBA55HEF7, STM32WBA55HGF6, STM32WBA55HGF7, STM32WBA55UEI6, STM32WBA55UEI6TR, STM32WBA55UEI7, STM32WBA55UEI7TR, STM32WBA55UGI6, STM32WBA55UGI6TR, STM32WBA55UGI7, STM32WBA55UGI7TR, STM32WL5MOCH6, STM32WL5MOCH6TR]
2023-12-28 18:10:17,282 [INFO] DbMcus:218 - Found 3930 MCUs, 3930 are supported
2023-12-28 18:10:17,286 [INFO] ApiDb:414 - User favorites file not found: C:\Users\saye/.stm32cubeide/favorites.mcus.txt
2023-12-28 18:10:17,287 [INFO] DbMcus:224 - Set 0 / 0 favorites MCUs
2023-12-28 18:10:17,819 [INFO] ApiDb:668 - CubeFinder database Data Model version=2.1
2023-12-28 18:10:17,819 [INFO] ApiDb:669 - CubeFinder database Configuration version=3.0.39
2023-12-28 18:10:17,819 [INFO] ApiDb:670 - CubeFinder database generation date=2023-12-08 (1702028721)
2023-12-28 18:10:17,820 [INFO] ApiDb:671 - CubeFinder database FW Pack versions=[FP-ATR-ASTRA1_V2.0.0, FP-SNS-FLIGHT1_V5.0.1, FP-SNS-FLIGHT1_V5.0.2, FP-SNS-MOTENV1_V4.3.1, FP-SNS-MOTENV1_V4.3.2, FP-SNS-MOTENVWB1_V1.3.1, FP-SNS-SMARTAG2_V1.2.0, STM32Cube_FW_C0_V1.1.0, STM32Cube_FW_F4_V1.28.0, STM32Cube_FW_F7_V1.17.0, STM32Cube_FW_G0_V1.6.1, STM32Cube_FW_G4_V1.5.1, STM32Cube_FW_H5_V0.5.1, STM32Cube_FW_H5_V1.1.1, STM32Cube_FW_H5_V1.2.0RC2, STM32Cube_FW_H7_V1.11.0, STM32Cube_FW_L0_V1.12.2, STM32Cube_FW_L5_V1.5.0, STM32Cube_FW_U5_V1.3.0RC4, STM32Cube_FW_U5_V1.4.0, STM32Cube_FW_WBA_V1.0.0RC1, STM32Cube_FW_WBA_V1.1.0RC1, STM32Cube_FW_WBA_V1.2.0, STM32Cube_FW_WBA_V1.2.0RC2, STM32Cube_FW_WB_V1.15.0RC1, STM32Cube_FW_WB_V1.16.0, STM32Cube_FW_WB_V1.16.0RC2, STM32Cube_FW_WB_V1.18.0, STM32Cube_FW_WL_V1.3.0, X-CUBE-ALGOBUILD_V1.3.0, X-CUBE-ALS_V1.0.1, X-CUBE-AZRTOS-F4_V1.1.0, X-CUBE-AZRTOS-F7_V1.1.0, X-CUBE-AZRTOS-G0_V1.1.0, X-CUBE-AZRTOS-G4_V2.0.0, X-CUBE-AZRTOS-H7_V3.1.0, X-CUBE-AZRTOS-L4_V1.0.0, X-CUBE-AZRTOS-L4_V2.0.0, X-CUBE-AZRTOS-L5_V1.1.0, X-CUBE-AZRTOS-WB_V2.0.0, X-CUBE-AZRTOS-WL_V2.0.0, X-CUBE-BLE1_V7.0.0, X-CUBE-BLE2_V3.3.0, X-CUBE-BLEMGR_V3.0.0, X-CUBE-EEPRMA1_V4.1.0, X-CUBE-EEPRMA1_V4.2.0, X-CUBE-FREERTOS_V1.1.0, X-CUBE-GNSS1_V6.0.0, X-CUBE-MEMS1_V10.0.0, X-CUBE-MEMS1_V9.1.0, X-CUBE-MEMS1_V9.4.0, X-CUBE-MEMS1_V9.6.0, X-CUBE-NFC4_V3.0.0, X-CUBE-NFC7_V1.0.1, X-CUBE-SFXS2LP1_V4.0.0, X-CUBE-SUBG2_V5.0.0, X-CUBE-TOF1_V3.4.0]
2023-12-28 18:10:17,932 [INFO] DbBoardsSqlite:226 - include board P-NUCLEO-WB55-NUCLEO as a kit item of type 'Nucleo-64'
2023-12-28 18:10:17,933 [INFO] DbBoardsSqlite:226 - include board P-NUCLEO-WB55-USBDONGLE as a kit item of type 'Nucleo USB Dongle'
2023-12-28 18:10:17,933 [INFO] DbBoardsSqlite:226 - include board STEVAL-IDP005V1 as a kit item of type 'Evaluation Board'
2023-12-28 18:10:17,933 [INFO] DbBoardsSqlite:226 - include board STEVAL-IDP005V2 as a kit item of type 'Evaluation Board'
2023-12-28 18:10:18,041 [INFO] ApiDb:240 - Found 371 in-development CPN: [B-G473E-ZEST1S, B-WB1M-WPAN1, B-WL5M-SUBG1, NUCLEO-C031C6, NUCLEO-H503RB, NUCLEO-H563ZI, NUCLEO-U545RE-Q, NUCLEO-U5A5ZJ-Q, NUCLEO-WBA52CG, NUCLEO-WBA55CG, STEVAL-MKBOXPRO, STEVAL-PROTEUS1, STEVAL-STWINBX1, STM320518-EVAL, STM32C0116-DK, STM32C011D6Y3TR, STM32C011D6Y6TR, STM32C011F4P3, STM32C011F4P6, STM32C011F4U3, STM32C011F4U6TR, STM32C011F6P3, STM32C011F6P6, STM32C011F6U3, STM32C011F6U6TR, STM32C011J4M3, STM32C011J4M6, STM32C011J6M3, STM32C011J6M6, STM32C0316-DK, STM32C031C4T3, STM32C031C4T6, STM32C031C4U3, STM32C031C4U6, STM32C031C6T3, STM32C031C6T6, STM32C031C6U3, STM32C031C6U6, STM32C031F4P3, STM32C031F4P6, STM32C031F6P3, STM32C031F6P6, STM32C031G4U3, STM32C031G4U6, STM32C031G6U3, STM32C031G6U6, STM32C031K4T3, STM32C031K4T6, STM32C031K4U3, STM32C031K4U6, STM32C031K6T3, STM32C031K6T6, STM32C031K6U3, STM32C031K6U6, STM32G071K8TXN, STM32G071K8UXN, STM32G081GBU6N, STM32G081KBT6N, STM32G081KBUXN, STM32G0B1CCT6N, STM32G0B1KCT6, STM32G0B1NEY6TR, STM32G0B1RCT6N, STM32G0C1CCT6, STM32G0C1CCT6N, STM32G0C1CCU6N, STM32G0C1CET6N, STM32G0C1CEU6N, STM32G0C1KCT6, STM32G0C1NEY6TR, STM32G0C1RCI6N, STM32G0C1RCT6N, STM32G0C1REI6N, STM32G0C1RET6N, STM32G0C1VCI6, STM32G0C1VEI6, STM32G471CCT6, STM32G471CCU6, STM32G471CET3, STM32G471CET6, STM32G471CEU3, STM32G471CEU6, STM32G471MCT6, STM32G471MET3, STM32G471MET6, STM32G471MEY6TR, STM32G471QCT6, STM32G471QET3, STM32G471RCT6, STM32G471RET3, STM32G471RET6, STM32G471VCH6, STM32G471VCI6, STM32G471VCT6, STM32G471VEH3, STM32G471VEH6, STM32G471VEI3, STM32G471VEI6, STM32G471VET3, STM32G471VET6, STM32G474CCT6, STM32H503CBT6, STM32H503CBU6, STM32H503EBY6TR, STM32H503KBU6, STM32H503RBT6, STM32H562AGI6, STM32H562AII6, STM32H562IGK6, STM32H562IGT6, STM32H562IIK6, STM32H562IIT6, STM32H562RGT6, STM32H562RGV6, STM32H562RIT6, STM32H562RIV6, STM32H562VGT6, STM32H562VIT6, STM32H562ZGT6, STM32H562ZIT6, STM32H563AGI6, STM32H563AII3Q, STM32H563AII6, STM32H563IGK6, STM32H563IGT6, STM32H563IIK3Q, STM32H563IIK6, STM32H563IIT3Q, STM32H563IIT6, STM32H563MIY3QTR, STM32H563RGT6, STM32H563RGV6, STM32H563RIT6, STM32H563RIV6, STM32H563VGT6, STM32H563VIT3Q, STM32H563VIT6, STM32H563ZGT6, STM32H563ZIT3Q, STM32H563ZIT6, STM32H573AII3Q, STM32H573AII6, STM32H573I-DK, STM32H573IIK3Q, STM32H573IIK6, STM32H573IIT3Q, STM32H573IIT6, STM32H573MIY3QTR, STM32H573RIT6, STM32H573RIV6, STM32H573VIT3Q, STM32H573VIT6, STM32H573ZIT3Q, STM32H573ZIT6, STM32L4R5QGI6STR, STM32MP131AAE3, STM32MP131AAF3, STM32MP131AAG3, STM32MP131CAE3, STM32MP131CAF3, STM32MP131CAG3, STM32MP131DAE7, STM32MP131DAF7, STM32MP131DAG7, STM32MP131FAE7, STM32MP131FAF7, STM32MP131FAG7, STM32MP133AAE3, STM32MP133AAF3, STM32MP133AAG3, STM32MP133CAE3, STM32MP133CAF3, STM32MP133CAG3, STM32MP133DAE7, STM32MP133DAF7, STM32MP133DAG7, STM32MP133FAE7, STM32MP133FAF7, STM32MP133FAG7, STM32MP135AAE3, STM32MP135AAF3, STM32MP135AAG3, STM32MP135CAE3, STM32MP135CAF3, STM32MP135CAG3, STM32MP135DAE7, STM32MP135DAF7, STM32MP135DAG7, STM32MP135F-DK, STM32MP135FAE7, STM32MP135FAF7, STM32MP135FAF7T, STM32MP135FAF7U, STM32MP135FAG7, STM32U535CBT6, STM32U535CBT6Q, STM32U535CBU6, STM32U535CBU6Q, STM32U535CCT6, STM32U535CCT6Q, STM32U535CCU6, STM32U535CCU6Q, STM32U535CET6, STM32U535CET6Q, STM32U535CEU6, STM32U535CEU6Q, STM32U535JEY6QTR, STM32U535NCY6QTR, STM32U535NEY6QTR, STM32U535RBI6, STM32U535RBI6Q, STM32U535RBT6, STM32U535RBT6Q, STM32U535RCI6, STM32U535RCI6Q, STM32U535RCT6, STM32U535RCT6Q, STM32U535REI6, STM32U535REI6Q, STM32U535RET6, STM32U535RET6Q, STM32U535VCI6, STM32U535VCI6Q, STM32U535VCT6, STM32U535VCT6Q, STM32U535VEI6, STM32U535VEI6Q, STM32U535VET6, STM32U535VET6Q, STM32U545CET6, STM32U545CET6Q, STM32U545CEU6, STM32U545CEU6Q, STM32U545JEY6QTR, STM32U545NEY6QTR, STM32U545REI6, STM32U545REI6Q, STM32U545RET6, STM32U545RET6Q, STM32U545VEI6, STM32U545VEI6Q, STM32U545VET6, STM32U545VET6Q, STM32U595AIH6, STM32U595AIH6Q, STM32U595AJH6, STM32U595AJH6Q, STM32U595QII6, STM32U595QII6Q, STM32U595QJI6, STM32U595QJI6Q, STM32U595RIT6, STM32U595RIT6Q, STM32U595RJT6, STM32U595RJT6Q, STM32U595VIT6, STM32U595VIT6Q, STM32U595VJT6, STM32U595VJT6Q, STM32U595ZIT6, STM32U595ZIT6Q, STM32U595ZIY6QTR, STM32U595ZJT6, STM32U595ZJT6Q, STM32U595ZJY6QTR, STM32U599BJY6QTR, STM32U599NIH6Q, STM32U599NJH6Q, STM32U599VIT6Q, STM32U599VJT6, STM32U599VJT6Q, STM32U599ZIT6Q, STM32U599ZIY6QTR, STM32U599ZJT6Q, STM32U599ZJY6QTR, STM32U5A5AJH6, STM32U5A5AJH6Q, STM32U5A5QJI6, STM32U5A5QJI6Q, STM32U5A5RJT6, STM32U5A5RJT6Q, STM32U5A5VJT6, STM32U5A5VJT6Q, STM32U5A5ZJT6, STM32U5A5ZJT6Q, STM32U5A5ZJY6QTR, STM32U5A9BJY6QTR, STM32U5A9J-DK, STM32U5A9NJH6Q, STM32U5A9VJT6Q, STM32U5A9ZJT6Q, STM32U5A9ZJY6QTR, STM32U5F7VIT6, STM32U5F7VIT6Q, STM32U5F7VJT6, STM32U5F7VJT6Q, STM32U5F9BJY6QTR, STM32U5F9NJH6Q, STM32U5F9VIT6Q, STM32U5F9VJT6Q, STM32U5F9ZIJ6QTR, STM32U5F9ZIT6Q, STM32U5F9ZJJ6QTR, STM32U5F9ZJT6Q, STM32U5G7VJT6, STM32U5G7VJT6Q, STM32U5G9BJY6QTR, STM32U5G9J-DK1, STM32U5G9J-DK2, STM32U5G9NJH6Q, STM32U5G9VJT6Q, STM32U5G9ZJJ6QTR, STM32U5G9ZJT6Q, STM32WB1MMCH6, STM32WBA50KEU6, STM32WBA50KEU6TR, STM32WBA50KGU6, STM32WBA50KGU6TR, STM32WBA52CEU6, STM32WBA52CEU6TR, STM32WBA52CEU7, STM32WBA52CEU7TR, STM32WBA52CGU6, STM32WBA52CGU6TR, STM32WBA52CGU6U, STM32WBA52CGU7, STM32WBA52CGU7TR, STM32WBA52KEU6, STM32WBA52KEU6TR, STM32WBA52KGU6, STM32WBA52KGU6TR, STM32WBA54CEU6, STM32WBA54CEU6TR, STM32WBA54CEU7, STM32WBA54CEU7TR, STM32WBA54CGU6, STM32WBA54CGU6TR, STM32WBA54CGU7, STM32WBA54CGU7TR, STM32WBA54KEU6, STM32WBA54KEU6TR, STM32WBA54KEU7, STM32WBA54KEU7TR, STM32WBA54KGU6, STM32WBA54KGU6TR, STM32WBA54KGU7, STM32WBA54KGU7TR, STM32WBA55CEU6, STM32WBA55CEU6TR, STM32WBA55CEU7, STM32WBA55CEU7TR, STM32WBA55CGU6, STM32WBA55CGU6TR, STM32WBA55CGU6U, STM32WBA55CGU7, STM32WBA55CGU7TR, STM32WBA55G-DK1, STM32WBA55HEF6, STM32WBA55HEF7, STM32WBA55HGF6, STM32WBA55HGF7, STM32WBA55UEI6, STM32WBA55UEI6TR, STM32WBA55UEI7, STM32WBA55UEI7TR, STM32WBA55UGI6, STM32WBA55UGI6TR, STM32WBA55UGI7, STM32WBA55UGI7TR, STM32WL5MOCH6, STM32WL5MOCH6TR]
2023-12-28 18:10:18,262 [INFO] BoardInfo:889 - No configuration file found for board P-NUCLEO-WB55
2023-12-28 18:10:18,263 [INFO] DbBoards:161 - Kit is not supported: P-NUCLEO-WB55
2023-12-28 18:10:18,272 [INFO] BoardInfo:889 - No configuration file found for board STEVAL-BFA001V1B
2023-12-28 18:10:18,272 [INFO] DbBoards:161 - Kit is not supported: STEVAL-BFA001V1B
2023-12-28 18:10:18,275 [INFO] BoardInfo:889 - No configuration file found for board STEVAL-BFA001V2B
2023-12-28 18:10:18,275 [INFO] DbBoards:161 - Kit is not supported: STEVAL-BFA001V2B
2023-12-28 18:10:18,914 [INFO] DbBoards:168 - Found 193 boards, 190 are supported
2023-12-28 18:10:18,914 [INFO] DbBoards:169 - Found 193 boards, 3 of them is supported for  Bsp
2023-12-28 18:10:18,918 [INFO] ApiDb:414 - User favorites file not found: C:\Users\saye/.stm32cubeide/favorites.boards.txt
2023-12-28 18:10:18,919 [INFO] DbBoards:198 - Set 0 / 0 favorites Boards
2023-12-28 18:10:18,922 [INFO] ApiDb:668 - CubeFinder database Data Model version=2.1
2023-12-28 18:10:18,922 [INFO] ApiDb:669 - CubeFinder database Configuration version=3.0.39
2023-12-28 18:10:18,923 [INFO] ApiDb:670 - CubeFinder database generation date=2023-12-08 (1702028721)
2023-12-28 18:10:18,923 [INFO] ApiDb:671 - CubeFinder database FW Pack versions=[FP-ATR-ASTRA1_V2.0.0, FP-SNS-FLIGHT1_V5.0.1, FP-SNS-FLIGHT1_V5.0.2, FP-SNS-MOTENV1_V4.3.1, FP-SNS-MOTENV1_V4.3.2, FP-SNS-MOTENVWB1_V1.3.1, FP-SNS-SMARTAG2_V1.2.0, STM32Cube_FW_C0_V1.1.0, STM32Cube_FW_F4_V1.28.0, STM32Cube_FW_F7_V1.17.0, STM32Cube_FW_G0_V1.6.1, STM32Cube_FW_G4_V1.5.1, STM32Cube_FW_H5_V0.5.1, STM32Cube_FW_H5_V1.1.1, STM32Cube_FW_H5_V1.2.0RC2, STM32Cube_FW_H7_V1.11.0, STM32Cube_FW_L0_V1.12.2, STM32Cube_FW_L5_V1.5.0, STM32Cube_FW_U5_V1.3.0RC4, STM32Cube_FW_U5_V1.4.0, STM32Cube_FW_WBA_V1.0.0RC1, STM32Cube_FW_WBA_V1.1.0RC1, STM32Cube_FW_WBA_V1.2.0, STM32Cube_FW_WBA_V1.2.0RC2, STM32Cube_FW_WB_V1.15.0RC1, STM32Cube_FW_WB_V1.16.0, STM32Cube_FW_WB_V1.16.0RC2, STM32Cube_FW_WB_V1.18.0, STM32Cube_FW_WL_V1.3.0, X-CUBE-ALGOBUILD_V1.3.0, X-CUBE-ALS_V1.0.1, X-CUBE-AZRTOS-F4_V1.1.0, X-CUBE-AZRTOS-F7_V1.1.0, X-CUBE-AZRTOS-G0_V1.1.0, X-CUBE-AZRTOS-G4_V2.0.0, X-CUBE-AZRTOS-H7_V3.1.0, X-CUBE-AZRTOS-L4_V1.0.0, X-CUBE-AZRTOS-L4_V2.0.0, X-CUBE-AZRTOS-L5_V1.1.0, X-CUBE-AZRTOS-WB_V2.0.0, X-CUBE-AZRTOS-WL_V2.0.0, X-CUBE-BLE1_V7.0.0, X-CUBE-BLE2_V3.3.0, X-CUBE-BLEMGR_V3.0.0, X-CUBE-EEPRMA1_V4.1.0, X-CUBE-EEPRMA1_V4.2.0, X-CUBE-FREERTOS_V1.1.0, X-CUBE-GNSS1_V6.0.0, X-CUBE-MEMS1_V10.0.0, X-CUBE-MEMS1_V9.1.0, X-CUBE-MEMS1_V9.4.0, X-CUBE-MEMS1_V9.6.0, X-CUBE-NFC4_V3.0.0, X-CUBE-NFC7_V1.0.1, X-CUBE-SFXS2LP1_V4.0.0, X-CUBE-SUBG2_V5.0.0, X-CUBE-TOF1_V3.4.0]
2023-12-28 18:10:20,991 [ERROR] DbExamplesSqlite:437 - Missing JSON key: board_cpn
2023-12-28 18:10:20,992 [ERROR] DbExamplesSqlite:437 - Missing JSON key: board_cpn
2023-12-28 18:10:20,993 [ERROR] DbExamplesSqlite:437 - Missing JSON key: board_cpn
2023-12-28 18:10:20,993 [ERROR] DbExamplesSqlite:437 - Missing JSON key: board_cpn
2023-12-28 18:10:21,098 [INFO] DbExamplesSqlite:395 - Ignored 55 examples not supported by CubeIDE
2023-12-28 18:10:21,098 [INFO] DbExamplesSqlite:396 - Found 7560 examples active
2023-12-28 18:10:21,099 [INFO] DbExamplesSqlite:397 - Found 844 examples obsolete
2023-12-28 18:10:21,099 [INFO] DbExamplesSqlite:398 - Found 0 examples under development
2023-12-28 18:10:21,099 [INFO] DbExamplesSqlite:399 - Found 8 examples not building
2023-12-28 18:10:21,102 [INFO] DbExamples:125 - Found 7513 examples
2023-12-28 18:10:21,136 [INFO] DbExamples:222 - Found 95 boards with related examples
2023-12-28 18:10:21,144 [INFO] DbExamples:235 - Found 80 MCUs with related examples
2023-12-28 18:10:21,178 [INFO] ApiDb:414 - User favorites file not found: C:\Users\saye/.stm32cubeide/favorites.examples.txt
2023-12-28 18:10:21,178 [INFO] DbExamples:250 - Set 0 / 0 favorites Examples
2023-12-28 18:10:22,059 [INFO] McuFinderGlobals:76 - Set McuFinderConnectedMode to true
2023-12-28 18:10:22,071 [INFO] MultiScanPanel:200 - Auto-refresh data requested => check proxy status ongoing
2023-12-28 18:10:22,075 [INFO] FinderPluginLoader:95 - Searching for filters in installed packs
2023-12-28 18:10:24,555 [INFO] LoadUrlFilesThread:185 - End of LoadServerUrlFiles without Thread
2023-12-28 18:10:24,589 [INFO] DetailPanel:341 - Set advertising image to C:/Users/saye/STM32Cube/Repository/\en.prom-stm32wl3-mcu-finder.jpg
2023-12-28 18:10:47,194 [INFO] MultiScanPanel:200 - Auto-refresh data requested => check proxy status ongoing
2023-12-28 18:10:47,405 [INFO] LoadUrlFilesThread:185 - End of LoadServerUrlFiles without Thread
2023-12-28 18:10:47,406 [INFO] DetailPanel:341 - Set advertising image to C:/Users/saye/STM32Cube/Repository/\en.prom-stm32wl3-mcu-finder.jpg
2023-12-28 18:10:47,424 [INFO] DbBoards:642 - Loading board mini-images...
2023-12-28 18:10:48,984 [ERROR] DbBoards:659 - Image file not found for board NUCLEO-WBA55CG: C:\Users\saye\.stmcufinder\plugins\mcufinder//mcu//boards_images/NUCLEO-WBA55CG.jpg
2023-12-28 18:10:51,471 [ERROR] DbBoards:659 - Image file not found for board STM32WBA55G-DK1: C:\Users\saye\.stmcufinder\plugins\mcufinder//mcu//boards_images/STM32WBA55G-DK1.jpg
2023-12-28 18:10:51,476 [INFO] DbBoards:665 - Loaded 191 board mini-images
2023-12-28 18:12:11,655 [INFO] BoardResultTable:719 - Mark Board NUCLEO-WB55RG as favorite
2023-12-28 18:12:45,734 [INFO] BoardAction:75 - Docs & Resources
2023-12-28 18:14:03,090 [INFO] McuFinderGlobals:76 - Set McuFinderConnectedMode to true
2023-12-28 18:14:03,107 [INFO] ApiDb:448 - Save user favorites file C:\Users\saye/.stm32cubeide/favorites.mcus.txt: 0 item(s)
2023-12-28 18:14:03,107 [INFO] ApiDb:452 - User favorites MCUs=[]
2023-12-28 18:14:03,111 [INFO] ApiDb:448 - Save user favorites file C:\Users\saye/.stm32cubeide/favorites.boards.txt: 1 item(s)
2023-12-28 18:14:03,112 [INFO] ApiDb:452 - User favorites Boards=[NUCLEO-WB55RG]
