2024-01-03 18:17:48,076 [INFO] Activator:176 - 


2024-01-03 18:17:48,084 [INFO] Activator:177 - !SESSION log4j initialized
2024-01-03 18:18:01,656 [INFO] LogOutputStream:77 - [STDOUT_REDIRECT] 
2024-01-03 18:18:03,659 [INFO] ApplicationProperties:184 - Using Application install path: C:\ST\STM32CubeIDE_1.14.0\STM32CubeIDE\plugins\com.st.stm32cube.common.mx_6.10.0.202311202037
2024-01-03 18:18:03,679 [INFO] DbMcusXml:78 - Set database path to: C:\ST\STM32CubeIDE_1.14.0\STM32CubeIDE\plugins\com.st.stm32cube.common.mx_6.10.0.202311202037\\db\/mcu/
2024-01-03 18:18:03,679 [INFO] ApiDb:274 - Set plugin database path to: C:\ST\STM32CubeIDE_1.14.0\STM32CubeIDE\plugins\com.st.stm32cube.common.mx_6.10.0.202311202037\\db\/plugins/boardmanager/
2024-01-03 18:18:03,679 [WARN] ApiDb:259 - Overriding images path with different value:  => C:\ST\STM32CubeIDE_1.14.0\STM32CubeIDE\plugins\com.st.stm32cube.common.mx_6.10.0.202311202037\\db\/plugins/mcufinder/images/
2024-01-03 18:18:03,691 [INFO] ApiDb:250 - Set database path to: C:\Users\saye\.stmcufinder\plugins\mcufinder//mcu/
2024-01-03 18:18:03,692 [INFO] DbMcusAds:125 - Set database path to: C:\Users\saye\.stmcufinder\plugins\mcufinder//mcu/
2024-01-03 18:18:03,695 [INFO] CrossReferenceDbSqlite:203 - Set database path to: C:\Users\saye\.stmcufinder\plugins\mcufinder//mcu/cs/
2024-01-03 18:18:03,797 [INFO] RulesReader:64 - Compatibility file has been processed (297 Rules)
2024-01-03 18:18:03,893 [INFO] DbMcusXml:78 - Set database path to: C:\ST\STM32CubeIDE_1.14.0\STM32CubeIDE\plugins\com.st.stm32cube.common.mx_6.10.0.202311202037\\db\/mcu/
2024-01-03 18:18:03,893 [INFO] ApiDb:274 - Set plugin database path to: C:\ST\STM32CubeIDE_1.14.0\STM32CubeIDE\plugins\com.st.stm32cube.common.mx_6.10.0.202311202037\\db\/plugins/boardmanager/
2024-01-03 18:18:03,893 [INFO] ApiDb:261 - Set plugin images path to: C:\ST\STM32CubeIDE_1.14.0\STM32CubeIDE\plugins\com.st.stm32cube.common.mx_6.10.0.202311202037\\db\/plugins/mcufinder/images/
2024-01-03 18:18:03,893 [WARN] DbFile:41 - Overriding database path with different value: C:\Users\saye\.stmcufinder\plugins\mcufinder/ => C:\Users\saye\.stmcufinder\plugins\mcufinder
2024-01-03 18:18:03,893 [INFO] ApiDb:250 - Set database path to: C:\Users\saye\.stmcufinder\plugins\mcufinder//mcu/
2024-01-03 18:18:03,893 [WARN] DbFile:41 - Overriding database path with different value: C:\Users\saye\.stmcufinder\plugins\mcufinder/ => C:\Users\saye\.stmcufinder\plugins\mcufinder
2024-01-03 18:18:03,894 [INFO] DbMcusAds:125 - Set database path to: C:\Users\saye\.stmcufinder\plugins\mcufinder//mcu/
2024-01-03 18:18:03,894 [WARN] DbFile:41 - Overriding database path with different value: C:\Users\saye\.stmcufinder\plugins\mcufinder/ => C:\Users\saye\.stmcufinder\plugins\mcufinder
2024-01-03 18:18:03,894 [WARN] DbFile:41 - Overriding database path with different value: C:\Users\saye\.stmcufinder\plugins\mcufinder/ => C:\Users\saye\.stmcufinder\plugins\mcufinder
2024-01-03 18:18:03,894 [INFO] CrossReferenceDbSqlite:203 - Set database path to: C:\Users\saye\.stmcufinder\plugins\mcufinder//mcu/cs/
2024-01-03 18:18:03,977 [INFO] MainPanel:264 - HeapMemory: 429916160
2024-01-03 18:18:04,089 [INFO] DbMcusXml:78 - Set database path to: C:\ST\STM32CubeIDE_1.14.0\STM32CubeIDE\plugins\com.st.stm32cube.common.mx_6.10.0.202311202037\\db\/mcu/
2024-01-03 18:18:04,089 [INFO] ApiDb:274 - Set plugin database path to: C:\ST\STM32CubeIDE_1.14.0\STM32CubeIDE\plugins\com.st.stm32cube.common.mx_6.10.0.202311202037\\db\/plugins/boardmanager/
2024-01-03 18:18:04,089 [INFO] ApiDb:261 - Set plugin images path to: C:\ST\STM32CubeIDE_1.14.0\STM32CubeIDE\plugins\com.st.stm32cube.common.mx_6.10.0.202311202037\\db\/plugins/mcufinder/images/
2024-01-03 18:18:04,090 [WARN] DbFile:41 - Overriding database path with different value: C:\Users\saye\.stmcufinder\plugins\mcufinder/ => C:\Users\saye\.stmcufinder\plugins\mcufinder
2024-01-03 18:18:04,090 [INFO] ApiDb:250 - Set database path to: C:\Users\saye\.stmcufinder\plugins\mcufinder//mcu/
2024-01-03 18:18:04,090 [WARN] DbFile:41 - Overriding database path with different value: C:\Users\saye\.stmcufinder\plugins\mcufinder/ => C:\Users\saye\.stmcufinder\plugins\mcufinder
2024-01-03 18:18:04,090 [INFO] DbMcusAds:125 - Set database path to: C:\Users\saye\.stmcufinder\plugins\mcufinder//mcu/
2024-01-03 18:18:04,090 [WARN] DbFile:41 - Overriding database path with different value: C:\Users\saye\.stmcufinder\plugins\mcufinder/ => C:\Users\saye\.stmcufinder\plugins\mcufinder
2024-01-03 18:18:04,090 [WARN] DbFile:41 - Overriding database path with different value: C:\Users\saye\.stmcufinder\plugins\mcufinder/ => C:\Users\saye\.stmcufinder\plugins\mcufinder
2024-01-03 18:18:04,091 [INFO] CrossReferenceDbSqlite:203 - Set database path to: C:\Users\saye\.stmcufinder\plugins\mcufinder//mcu/cs/
2024-01-03 18:18:04,115 [INFO] ApplicationProperties:184 - Using Application install path: C:\ST\STM32CubeIDE_1.14.0\STM32CubeIDE\plugins\com.st.stm32cube.common.mx_6.10.0.202311202037
2024-01-03 18:18:04,117 [INFO] PluginManage:196 - Search for loadable plugins [exclusion list=, ]
2024-01-03 18:18:04,119 [INFO] PluginManage:310 - Check plugin analytics
2024-01-03 18:18:04,325 [INFO] AnalyticsPlugin:253 - Accepted Software Licenses: 
2024-01-03 18:18:04,325 [INFO] AnalyticsPlugin:255 - Accepted CMSIS Pack Licenses: 
2024-01-03 18:18:04,325 [INFO] AnalyticsPlugin:257 - Accepted Firmware Licenses: 
2024-01-03 18:18:04,328 [INFO] PluginManage:359 - Loaded plugin analytics (category:tool,tabindex:-1)
2024-01-03 18:18:04,328 [INFO] PluginManage:310 - Check plugin cadmodel
2024-01-03 18:18:04,343 [INFO] CADModel:105 - Init CAD model plugin
2024-01-03 18:18:04,343 [INFO] PluginManage:359 - Loaded plugin cadmodel (category:power,tabindex:5)
2024-01-03 18:18:04,344 [INFO] PluginManage:310 - Check plugin clock
2024-01-03 18:18:04,366 [INFO] PluginManage:359 - Loaded plugin clock (category:base,tabindex:2)
2024-01-03 18:18:04,366 [INFO] PluginManage:310 - Check plugin ddr
2024-01-03 18:18:04,369 [INFO] PluginManage:359 - Loaded plugin ddr (category:tool,tabindex:6)
2024-01-03 18:18:04,369 [INFO] PluginManage:310 - Check plugin filemanager
2024-01-03 18:18:04,526 [INFO] PluginManage:359 - Loaded plugin filemanager (category:base,tabindex:10)
2024-01-03 18:18:04,527 [INFO] PluginManage:310 - Check plugin ipmanager
2024-01-03 18:18:04,540 [INFO] PluginManage:359 - Loaded plugin ipmanager (category:base,tabindex:5)
2024-01-03 18:18:04,540 [INFO] PluginManage:310 - Check plugin lpbam
2024-01-03 18:18:04,562 [INFO] PluginManage:359 - Loaded plugin lpbam (category:base,tabindex:0)
2024-01-03 18:18:04,563 [INFO] PluginManage:310 - Check plugin memorymap
2024-01-03 18:18:04,592 [INFO] PluginManage:359 - Loaded plugin memorymap (category:base,tabindex:4)
2024-01-03 18:18:04,593 [INFO] PluginManage:310 - Check plugin pinoutandconfiguration
2024-01-03 18:18:04,614 [INFO] PluginManage:359 - Loaded plugin pinoutandconfiguration (category:base,tabindex:1)
2024-01-03 18:18:04,614 [INFO] PluginManage:310 - Check plugin pinoutconfig
2024-01-03 18:18:04,720 [WARN] SupportedApi:132 - Cannot load RTOS API schema: s4s-elt-must-match.1: The content of 'definitions' must match (annotation?, (simpleType | complexType)?, (unique | key | keyref)*)). A problem was found starting at: attribute.
2024-01-03 18:18:04,855 [INFO] PluginManage:359 - Loaded plugin pinoutconfig (category:base,tabindex:0)
2024-01-03 18:18:04,856 [INFO] PluginManage:310 - Check plugin power
2024-01-03 18:18:04,885 [INFO] PluginManage:359 - Loaded plugin power (category:power,tabindex:4)
2024-01-03 18:18:04,885 [INFO] PluginManage:310 - Check plugin projectmanager
2024-01-03 18:18:04,899 [INFO] PluginManage:359 - Loaded plugin projectmanager (category:projectmanager,tabindex:3)
2024-01-03 18:18:04,899 [INFO] PluginManage:310 - Check plugin thirdparty
2024-01-03 18:18:05,170 [INFO] PluginManage:359 - Loaded plugin thirdparty (category:base,tabindex:-1)
2024-01-03 18:18:05,170 [INFO] PluginManage:310 - Check plugin tools
2024-01-03 18:18:05,170 [WARN] IntegrityCheckThread:84 - waiting for thirdparty lock release [integrity check]
2024-01-03 18:18:05,170 [INFO] IntegrityCheckThread:86 - entering critical section [integrity check]
2024-01-03 18:18:05,171 [INFO] ThirdPartyUpdaterWithRetryManager:70 - Updater plugin not ready yet. [1/15]
2024-01-03 18:18:05,201 [INFO] PluginManage:359 - Loaded plugin tools (category:base,tabindex:7)
2024-01-03 18:18:05,201 [INFO] PluginManage:310 - Check plugin tutovideos
2024-01-03 18:18:05,406 [INFO] PluginManage:359 - Loaded plugin tutovideos (category:base,tabindex:-1)
2024-01-03 18:18:05,407 [INFO] PluginManage:310 - Check plugin updater
2024-01-03 18:18:05,421 [INFO] PluginManage:359 - Loaded plugin updater (category:base,tabindex:12)
2024-01-03 18:18:05,421 [INFO] PluginManage:310 - Check plugin userauth
2024-01-03 18:18:05,429 [INFO] UserAuth:114 - Init User Auth plugin
2024-01-03 18:18:05,429 [INFO] PluginManage:359 - Loaded plugin userauth (category:base,tabindex:14)
2024-01-03 18:18:05,429 [INFO] PluginManage:283 - PluginManage : Loaded plugins [17]
2024-01-03 18:18:05,679 [INFO] PinOutPanel:1499 - setPackage(No Configuration,No Configuration)
2024-01-03 18:18:05,774 [INFO] CADModel:165 - CPN selected for project level
2024-01-03 18:18:05,774 [INFO] CADModel:114 - Register for checkConnection events
2024-01-03 18:18:05,803 [INFO] IPUIPlugin:80 - create IPUIPlugin
2024-01-03 18:18:05,803 [INFO] PluginManager:220 - loadIPPluginJar : add adc
2024-01-03 18:18:05,835 [INFO] IPUIPlugin:80 - create IPUIPlugin
2024-01-03 18:18:05,835 [INFO] PluginManager:220 - loadIPPluginJar : add aes
2024-01-03 18:18:05,870 [INFO] IPUIPlugin:80 - create IPUIPlugin
2024-01-03 18:18:05,870 [INFO] PluginManager:220 - loadIPPluginJar : add can
2024-01-03 18:18:05,890 [INFO] IPUIPlugin:80 - create IPUIPlugin
2024-01-03 18:18:05,891 [INFO] PluginManager:220 - loadIPPluginJar : add comp
2024-01-03 18:18:05,922 [INFO] IPUIPlugin:80 - create IPUIPlugin
2024-01-03 18:18:05,922 [INFO] PluginManager:220 - loadIPPluginJar : add cryp
2024-01-03 18:18:05,949 [INFO] IPUIPlugin:80 - create IPUIPlugin
2024-01-03 18:18:05,949 [INFO] PluginManager:220 - loadIPPluginJar : add dfsdm
2024-01-03 18:18:05,961 [INFO] IPUIPlugin:80 - create IPUIPlugin
2024-01-03 18:18:05,962 [INFO] PluginManager:220 - loadIPPluginJar : add dma
2024-01-03 18:18:06,006 [INFO] IPUIPlugin:80 - create IPUIPlugin
2024-01-03 18:18:06,006 [INFO] PluginManager:220 - loadIPPluginJar : add dma3
2024-01-03 18:18:06,028 [INFO] IPUIPlugin:80 - create IPUIPlugin
2024-01-03 18:18:06,028 [INFO] PluginManager:220 - loadIPPluginJar : add fatfs
2024-01-03 18:18:06,068 [INFO] IPUIPlugin:80 - create IPUIPlugin
2024-01-03 18:18:06,068 [INFO] PluginManager:220 - loadIPPluginJar : add fmc
2024-01-03 18:18:06,085 [INFO] IPUIPlugin:80 - create IPUIPlugin
2024-01-03 18:18:06,085 [INFO] PluginManager:220 - loadIPPluginJar : add freertos
2024-01-03 18:18:06,106 [INFO] IPUIPlugin:80 - create IPUIPlugin
2024-01-03 18:18:06,107 [INFO] PluginManager:220 - loadIPPluginJar : add genericplugin
2024-01-03 18:18:06,215 [INFO] IPUIPlugin:80 - create IPUIPlugin
2024-01-03 18:18:06,215 [INFO] PluginManager:220 - loadIPPluginJar : add gfxmmu
2024-01-03 18:18:06,345 [INFO] IPUIPlugin:80 - create IPUIPlugin
2024-01-03 18:18:06,345 [INFO] PluginManager:220 - loadIPPluginJar : add gic
2024-01-03 18:18:06,361 [INFO] IPUIPlugin:80 - create IPUIPlugin
2024-01-03 18:18:06,361 [INFO] PluginManager:220 - loadIPPluginJar : add gpio
2024-01-03 18:18:06,470 [INFO] IPUIPlugin:80 - create IPUIPlugin
2024-01-03 18:18:06,470 [INFO] PluginManager:220 - loadIPPluginJar : add gtzc
2024-01-03 18:18:06,508 [INFO] IPUIPlugin:80 - create IPUIPlugin
2024-01-03 18:18:06,508 [INFO] PluginManager:220 - loadIPPluginJar : add hash
2024-01-03 18:18:06,581 [INFO] IPUIPlugin:80 - create IPUIPlugin
2024-01-03 18:18:06,581 [INFO] PluginManager:220 - loadIPPluginJar : add i2c
2024-01-03 18:18:06,621 [INFO] IPUIPlugin:80 - create IPUIPlugin
2024-01-03 18:18:06,621 [INFO] PluginManager:220 - loadIPPluginJar : add i2s
2024-01-03 18:18:06,670 [INFO] IPUIPlugin:80 - create IPUIPlugin
2024-01-03 18:18:06,671 [INFO] PluginManager:220 - loadIPPluginJar : add i3c
2024-01-03 18:18:06,765 [INFO] IPUIPlugin:80 - create IPUIPlugin
2024-01-03 18:18:06,765 [INFO] PluginManager:220 - loadIPPluginJar : add ipddr
2024-01-03 18:18:06,852 [INFO] IPUIPlugin:80 - create IPUIPlugin
2024-01-03 18:18:06,852 [INFO] PluginManager:220 - loadIPPluginJar : add linkedlist
2024-01-03 18:18:06,894 [INFO] IPUIPlugin:80 - create IPUIPlugin
2024-01-03 18:18:06,894 [INFO] PluginManager:220 - loadIPPluginJar : add lorawan
2024-01-03 18:18:06,929 [INFO] IPUIPlugin:80 - create IPUIPlugin
2024-01-03 18:18:06,929 [INFO] PluginManager:220 - loadIPPluginJar : add ltdc
2024-01-03 18:18:06,945 [INFO] IPUIPlugin:80 - create IPUIPlugin
2024-01-03 18:18:06,945 [INFO] PluginManager:220 - loadIPPluginJar : add mdma
2024-01-03 18:18:06,956 [INFO] IPUIPlugin:80 - create IPUIPlugin
2024-01-03 18:18:06,956 [INFO] PluginManager:220 - loadIPPluginJar : add nvic
2024-01-03 18:18:06,989 [INFO] IPUIPlugin:80 - create IPUIPlugin
2024-01-03 18:18:06,989 [INFO] PluginManager:220 - loadIPPluginJar : add opamp
2024-01-03 18:18:07,052 [INFO] IPUIPlugin:80 - create IPUIPlugin
2024-01-03 18:18:07,053 [INFO] PluginManager:220 - loadIPPluginJar : add openamp
2024-01-03 18:18:07,093 [INFO] IPUIPlugin:80 - create IPUIPlugin
2024-01-03 18:18:07,093 [INFO] PluginManager:220 - loadIPPluginJar : add pdm2pcm
2024-01-03 18:18:07,111 [INFO] IPUIPlugin:80 - create IPUIPlugin
2024-01-03 18:18:07,113 [INFO] PluginManager:220 - loadIPPluginJar : add plateformsettings
2024-01-03 18:18:07,135 [INFO] IPUIPlugin:80 - create IPUIPlugin
2024-01-03 18:18:07,136 [INFO] PluginManager:220 - loadIPPluginJar : add quadspi
2024-01-03 18:18:07,151 [INFO] IPUIPlugin:80 - create IPUIPlugin
2024-01-03 18:18:07,151 [INFO] PluginManager:220 - loadIPPluginJar : add resmgrutility
2024-01-03 18:18:07,197 [INFO] IPUIPlugin:80 - create IPUIPlugin
2024-01-03 18:18:07,197 [INFO] PluginManager:220 - loadIPPluginJar : add sai
2024-01-03 18:18:07,244 [INFO] IPUIPlugin:80 - create IPUIPlugin
2024-01-03 18:18:07,244 [INFO] PluginManager:220 - loadIPPluginJar : add spi
2024-01-03 18:18:07,313 [INFO] IPUIPlugin:80 - create IPUIPlugin
2024-01-03 18:18:07,314 [INFO] PluginManager:220 - loadIPPluginJar : add stm32_wpan
2024-01-03 18:18:07,336 [INFO] IPUIPlugin:80 - create IPUIPlugin
2024-01-03 18:18:07,336 [INFO] PluginManager:220 - loadIPPluginJar : add tim
2024-01-03 18:18:07,384 [INFO] IPUIPlugin:80 - create IPUIPlugin
2024-01-03 18:18:07,384 [INFO] PluginManager:220 - loadIPPluginJar : add touchsensing
2024-01-03 18:18:07,407 [INFO] IPUIPlugin:80 - create IPUIPlugin
2024-01-03 18:18:07,407 [INFO] PluginManager:220 - loadIPPluginJar : add tracer_emb
2024-01-03 18:18:07,436 [INFO] IPUIPlugin:80 - create IPUIPlugin
2024-01-03 18:18:07,436 [INFO] PluginManager:220 - loadIPPluginJar : add ts
2024-01-03 18:18:07,460 [INFO] IPUIPlugin:80 - create IPUIPlugin
2024-01-03 18:18:07,461 [INFO] PluginManager:220 - loadIPPluginJar : add tsc
2024-01-03 18:18:07,486 [INFO] IPUIPlugin:80 - create IPUIPlugin
2024-01-03 18:18:07,487 [INFO] PluginManager:220 - loadIPPluginJar : add ucpd
2024-01-03 18:18:07,534 [INFO] IPUIPlugin:80 - create IPUIPlugin
2024-01-03 18:18:07,534 [INFO] PluginManager:220 - loadIPPluginJar : add usart
2024-01-03 18:18:07,612 [INFO] IPUIPlugin:80 - create IPUIPlugin
2024-01-03 18:18:07,612 [INFO] PluginManager:220 - loadIPPluginJar : add usbx
2024-01-03 18:18:07,781 [INFO] CADModel:165 - CPN selected for project level
2024-01-03 18:18:07,781 [INFO] CADModel:114 - Register for checkConnection events
2024-01-03 18:18:07,782 [FATAL] Updater:308 - Updater called before beeing initialized
2024-01-03 18:18:07,782 [ERROR] CADModel:125 - Updater not yet initialized, retry later 
2024-01-03 18:18:07,930 [INFO] CADModel:165 - CPN selected for project level
2024-01-03 18:18:07,930 [INFO] CADModel:114 - Register for checkConnection events
2024-01-03 18:18:07,931 [FATAL] Updater:308 - Updater called before beeing initialized
2024-01-03 18:18:07,931 [ERROR] CADModel:125 - Updater not yet initialized, retry later 
2024-01-03 18:18:07,951 [FATAL] Updater:308 - Updater called before beeing initialized
2024-01-03 18:18:08,077 [FATAL] Updater:308 - Updater called before beeing initialized
2024-01-03 18:18:08,088 [INFO] DbMcusAds:53 - JSON generation date=Wed Nov 29 12:52:27 EET 2023 (1701255147349)
2024-01-03 18:18:08,088 [FATAL] Updater:308 - Updater called before beeing initialized
2024-01-03 18:18:08,145 [WARN] DetailPanel:346 - Failed to get advertising image, set to default
2024-01-03 18:18:08,172 [INFO] ThirdPartyUpdaterWithRetryManager:70 - Updater plugin not ready yet. [2/15]
2024-01-03 18:18:08,221 [FATAL] Updater:308 - Updater called before beeing initialized
2024-01-03 18:18:08,223 [FATAL] Updater:308 - Updater called before beeing initialized
2024-01-03 18:18:08,223 [FATAL] Updater:308 - Updater called before beeing initialized
2024-01-03 18:18:08,224 [WARN] DetailPanel:346 - Failed to get advertising image, set to default
2024-01-03 18:18:08,224 [FATAL] Updater:308 - Updater called before beeing initialized
2024-01-03 18:18:08,287 [ERROR] Updater:1120 - MainUpdater not yet initialized. External WinMGr cannot be set.
2024-01-03 18:18:08,298 [INFO] Updater:1056 - Updater Version found : 6.10.0
2024-01-03 18:18:08,317 [INFO] ApplicationProperties:184 - Using Application install path: C:\ST\STM32CubeIDE_1.14.0\STM32CubeIDE\plugins\com.st.stm32cube.common.mx_6.10.0.202311202037
2024-01-03 18:18:09,910 [ERROR] LogOutputStream:75 - [STDERR_REDIRECT] Jan 03, 2024 6:18:09 PM java.util.prefs.WindowsPreferences <init>
2024-01-03 18:18:09,911 [ERROR] LogOutputStream:75 - [STDERR_REDIRECT] WARNING: Could not open/create prefs root node Software\JavaSoft\Prefs at root 0xffffffff80000002. Windows RegCreateKeyEx(...) returned error code 5.
2024-01-03 18:18:09,911 [ERROR] LogOutputStream:75 - [STDERR_REDIRECT] 
2024-01-03 18:18:10,280 [INFO] MainUpdater:2873 - connection check result : 10
2024-01-03 18:18:10,281 [INFO] MainUpdater:3567 - Updater definition file requires update
2024-01-03 18:18:10,282 [INFO] MainUpdater:290 - Updater Check For Update Now.
2024-01-03 18:18:10,283 [INFO] MicroXplorer:498 - Change Database Version : DB.6.0.100
2024-01-03 18:18:10,306 [INFO] McuFinderGlobals:63 - Set McuFinder mode to 2 (CubeIDE integrated)
2024-01-03 18:18:10,306 [INFO] UserAuth:180 - activating auth plugin
2024-01-03 18:18:10,309 [INFO] UserAuth:404 - Internet connection configuration mode: 1
2024-01-03 18:18:10,341 [INFO] JxBrowserEngine:152 - Initiate JxBrowser Engine with user profile folder
2024-01-03 18:18:10,450 [INFO] ServerAccessManage:473 - Download File updaters.zip
2024-01-03 18:18:10,769 [INFO] FileExtend:240 - Unzip File : updaters.zip
2024-01-03 18:18:10,770 [INFO] FileExtend:255 - Standard Zip Deflate
2024-01-03 18:18:11,175 [WARN] MainUpdater:1194 - Updater busy. Cannot search thirdparties
2024-01-03 18:18:11,175 [INFO] ThirdPartyUpdaterWithRetryManager:96 - Updater plugin is busy. [1/15]
2024-01-03 18:18:11,461 [INFO] ServerAccessManage:473 - Download File PacksControlFlags.xml
2024-01-03 18:18:11,611 [INFO] ServerAccessManage:473 - Download File cubemx.pidx
2024-01-03 18:18:11,782 [INFO] LoadServerUpdatesThread:375 - End of LoadServerUpdate Thread
2024-01-03 18:18:12,037 [INFO] CheckServerUpdateThread:120 - End of CheckServer Thread
2024-01-03 18:18:13,678 [INFO] WebApp:161 - Instantiating new browser for Auth
2024-01-03 18:18:14,430 [WARN] PackLoader:240 - Cannot read IP mode file for STMicroelectronics.FP-SNS-MOTENV1.4.3.2
2024-01-03 18:18:14,452 [WARN] PackLoader:240 - Cannot read IP mode file for STMicroelectronics.FP-SNS-FLIGHT1.5.0.2
2024-01-03 18:18:14,489 [WARN] PackLoader:240 - Cannot read IP mode file for STMicroelectronics.X-CUBE-DISPLAY.3.0.0
2024-01-03 18:18:14,537 [WARN] PackLoader:240 - Cannot read IP mode file for STMicroelectronics.X-CUBE-BLE1.7.0.0
2024-01-03 18:18:14,570 [WARN] PackLoader:240 - Cannot read IP mode file for STMicroelectronics.FP-SNS-SMARTAG2.1.2.0
2024-01-03 18:18:14,597 [WARN] PackLoader:240 - Cannot read IP mode file for STMicroelectronics.X-CUBE-BLE2.3.3.0
2024-01-03 18:18:14,621 [INFO] WebApp:780 - Register for checkConnection events
2024-01-03 18:18:14,621 [INFO] WebApp:414 - Apply proxy settings
2024-01-03 18:18:14,622 [INFO] WebApp:499 - Chromium requires no authentication
2024-01-03 18:18:14,644 [WARN] PackLoader:240 - Cannot read IP mode file for STMicroelectronics.X-CUBE-BLEMGR.3.0.0
2024-01-03 18:18:14,654 [INFO] WebApp:442 - Direct internet connection detected
2024-01-03 18:18:14,673 [WARN] PackLoader:240 - Cannot read IP mode file for STMicroelectronics.FP-ATR-SIGFOX1.3.2.0
2024-01-03 18:18:14,698 [WARN] PackLoader:240 - Cannot read IP mode file for STMicroelectronics.X-CUBE-AI.8.1.0
2024-01-03 18:18:14,728 [WARN] PackLoader:240 - Cannot read IP mode file for STMicroelectronics.X-CUBE-ALS.1.0.1
2024-01-03 18:18:14,755 [WARN] PackLoader:240 - Cannot read IP mode file for STMicroelectronics.FP-ATR-ASTRA1.2.0.0
2024-01-03 18:18:14,756 [INFO] ThirdParty:978 - Integrity check success = true
2024-01-03 18:18:14,756 [INFO] IntegrityCheckThread:100 - exiting critical section [integrity check]
2024-01-03 18:18:14,756 [INFO] IntegrityCheckThread:103 - End integrity checks thread
2024-01-03 18:18:14,912 [INFO] WebApp:192 - Starting web application
2024-01-03 18:18:14,912 [INFO] WebApp:544 - Web application path used C:\ST\STM32CubeIDE_1.14.0\STM32CubeIDE\plugins\com.st.stm32cube.common.mx_6.10.0.202311202037\db\plugins\mcufinder\reactClient1\index.html
2024-01-03 18:18:36,515 [ERROR] LogOutputStream:75 - [STDERR_REDIRECT] SLF4J: Failed to load class "org.slf4j.impl.StaticLoggerBinder".
2024-01-03 18:18:36,516 [ERROR] LogOutputStream:75 - [STDERR_REDIRECT] SLF4J: Defaulting to no-operation (NOP) logger implementation
2024-01-03 18:18:36,517 [ERROR] LogOutputStream:75 - [STDERR_REDIRECT] SLF4J: See http://www.slf4j.org/codes.html#StaticLoggerBinder for further details.
2024-01-03 18:35:10,674 [ERROR] LogOutputStream:75 - [STDERR_REDIRECT] 
2024-01-03 18:35:10,674 [ERROR] LogOutputStream:75 - [STDERR_REDIRECT] 
2024-01-03 18:47:49,221 [INFO] Activator:176 - 


2024-01-03 18:47:49,224 [INFO] Activator:177 - !SESSION log4j initialized
2024-01-03 18:47:57,133 [INFO] LogOutputStream:77 - [STDOUT_REDIRECT] 
2024-01-03 18:47:58,923 [INFO] ApplicationProperties:184 - Using Application install path: C:\ST\STM32CubeIDE_1.14.0\STM32CubeIDE\plugins\com.st.stm32cube.common.mx_6.10.0.202311202037
2024-01-03 18:47:58,949 [INFO] DbMcusXml:78 - Set database path to: C:\ST\STM32CubeIDE_1.14.0\STM32CubeIDE\plugins\com.st.stm32cube.common.mx_6.10.0.202311202037\\db\/mcu/
2024-01-03 18:47:58,949 [INFO] ApiDb:274 - Set plugin database path to: C:\ST\STM32CubeIDE_1.14.0\STM32CubeIDE\plugins\com.st.stm32cube.common.mx_6.10.0.202311202037\\db\/plugins/boardmanager/
2024-01-03 18:47:58,950 [WARN] ApiDb:259 - Overriding images path with different value:  => C:\ST\STM32CubeIDE_1.14.0\STM32CubeIDE\plugins\com.st.stm32cube.common.mx_6.10.0.202311202037\\db\/plugins/mcufinder/images/
2024-01-03 18:47:58,960 [INFO] ApiDb:250 - Set database path to: C:\Users\saye\.stmcufinder\plugins\mcufinder//mcu/
2024-01-03 18:47:58,961 [INFO] DbMcusAds:125 - Set database path to: C:\Users\saye\.stmcufinder\plugins\mcufinder//mcu/
2024-01-03 18:47:58,964 [INFO] CrossReferenceDbSqlite:203 - Set database path to: C:\Users\saye\.stmcufinder\plugins\mcufinder//mcu/cs/
2024-01-03 18:47:59,147 [INFO] RulesReader:64 - Compatibility file has been processed (297 Rules)
2024-01-03 18:47:59,315 [INFO] DbMcusXml:78 - Set database path to: C:\ST\STM32CubeIDE_1.14.0\STM32CubeIDE\plugins\com.st.stm32cube.common.mx_6.10.0.202311202037\\db\/mcu/
2024-01-03 18:47:59,316 [INFO] ApiDb:274 - Set plugin database path to: C:\ST\STM32CubeIDE_1.14.0\STM32CubeIDE\plugins\com.st.stm32cube.common.mx_6.10.0.202311202037\\db\/plugins/boardmanager/
2024-01-03 18:47:59,316 [INFO] ApiDb:261 - Set plugin images path to: C:\ST\STM32CubeIDE_1.14.0\STM32CubeIDE\plugins\com.st.stm32cube.common.mx_6.10.0.202311202037\\db\/plugins/mcufinder/images/
2024-01-03 18:47:59,316 [WARN] DbFile:41 - Overriding database path with different value: C:\Users\saye\.stmcufinder\plugins\mcufinder/ => C:\Users\saye\.stmcufinder\plugins\mcufinder
2024-01-03 18:47:59,316 [INFO] ApiDb:250 - Set database path to: C:\Users\saye\.stmcufinder\plugins\mcufinder//mcu/
2024-01-03 18:47:59,316 [WARN] DbFile:41 - Overriding database path with different value: C:\Users\saye\.stmcufinder\plugins\mcufinder/ => C:\Users\saye\.stmcufinder\plugins\mcufinder
2024-01-03 18:47:59,316 [INFO] DbMcusAds:125 - Set database path to: C:\Users\saye\.stmcufinder\plugins\mcufinder//mcu/
2024-01-03 18:47:59,316 [WARN] DbFile:41 - Overriding database path with different value: C:\Users\saye\.stmcufinder\plugins\mcufinder/ => C:\Users\saye\.stmcufinder\plugins\mcufinder
2024-01-03 18:47:59,317 [WARN] DbFile:41 - Overriding database path with different value: C:\Users\saye\.stmcufinder\plugins\mcufinder/ => C:\Users\saye\.stmcufinder\plugins\mcufinder
2024-01-03 18:47:59,317 [INFO] CrossReferenceDbSqlite:203 - Set database path to: C:\Users\saye\.stmcufinder\plugins\mcufinder//mcu/cs/
2024-01-03 18:47:59,441 [INFO] MainPanel:264 - HeapMemory: 268435456
2024-01-03 18:47:59,575 [INFO] DbMcusXml:78 - Set database path to: C:\ST\STM32CubeIDE_1.14.0\STM32CubeIDE\plugins\com.st.stm32cube.common.mx_6.10.0.202311202037\\db\/mcu/
2024-01-03 18:47:59,575 [INFO] ApiDb:274 - Set plugin database path to: C:\ST\STM32CubeIDE_1.14.0\STM32CubeIDE\plugins\com.st.stm32cube.common.mx_6.10.0.202311202037\\db\/plugins/boardmanager/
2024-01-03 18:47:59,575 [INFO] ApiDb:261 - Set plugin images path to: C:\ST\STM32CubeIDE_1.14.0\STM32CubeIDE\plugins\com.st.stm32cube.common.mx_6.10.0.202311202037\\db\/plugins/mcufinder/images/
2024-01-03 18:47:59,576 [WARN] DbFile:41 - Overriding database path with different value: C:\Users\saye\.stmcufinder\plugins\mcufinder/ => C:\Users\saye\.stmcufinder\plugins\mcufinder
2024-01-03 18:47:59,576 [INFO] ApiDb:250 - Set database path to: C:\Users\saye\.stmcufinder\plugins\mcufinder//mcu/
2024-01-03 18:47:59,576 [WARN] DbFile:41 - Overriding database path with different value: C:\Users\saye\.stmcufinder\plugins\mcufinder/ => C:\Users\saye\.stmcufinder\plugins\mcufinder
2024-01-03 18:47:59,576 [INFO] DbMcusAds:125 - Set database path to: C:\Users\saye\.stmcufinder\plugins\mcufinder//mcu/
2024-01-03 18:47:59,576 [WARN] DbFile:41 - Overriding database path with different value: C:\Users\saye\.stmcufinder\plugins\mcufinder/ => C:\Users\saye\.stmcufinder\plugins\mcufinder
2024-01-03 18:47:59,576 [WARN] DbFile:41 - Overriding database path with different value: C:\Users\saye\.stmcufinder\plugins\mcufinder/ => C:\Users\saye\.stmcufinder\plugins\mcufinder
2024-01-03 18:47:59,576 [INFO] CrossReferenceDbSqlite:203 - Set database path to: C:\Users\saye\.stmcufinder\plugins\mcufinder//mcu/cs/
2024-01-03 18:47:59,603 [INFO] ApplicationProperties:184 - Using Application install path: C:\ST\STM32CubeIDE_1.14.0\STM32CubeIDE\plugins\com.st.stm32cube.common.mx_6.10.0.202311202037
2024-01-03 18:47:59,606 [INFO] PluginManage:196 - Search for loadable plugins [exclusion list=, ]
2024-01-03 18:47:59,608 [INFO] PluginManage:310 - Check plugin analytics
2024-01-03 18:47:59,846 [INFO] AnalyticsPlugin:253 - Accepted Software Licenses: 
2024-01-03 18:47:59,847 [INFO] AnalyticsPlugin:255 - Accepted CMSIS Pack Licenses: 
2024-01-03 18:47:59,847 [INFO] AnalyticsPlugin:257 - Accepted Firmware Licenses: 
2024-01-03 18:47:59,852 [INFO] PluginManage:359 - Loaded plugin analytics (category:tool,tabindex:-1)
2024-01-03 18:47:59,856 [INFO] PluginManage:310 - Check plugin cadmodel
2024-01-03 18:47:59,879 [INFO] CADModel:105 - Init CAD model plugin
2024-01-03 18:47:59,879 [INFO] PluginManage:359 - Loaded plugin cadmodel (category:power,tabindex:5)
2024-01-03 18:47:59,879 [INFO] PluginManage:310 - Check plugin clock
2024-01-03 18:47:59,920 [INFO] PluginManage:359 - Loaded plugin clock (category:base,tabindex:2)
2024-01-03 18:47:59,920 [INFO] PluginManage:310 - Check plugin ddr
2024-01-03 18:47:59,929 [INFO] PluginManage:359 - Loaded plugin ddr (category:tool,tabindex:6)
2024-01-03 18:47:59,929 [INFO] PluginManage:310 - Check plugin filemanager
2024-01-03 18:48:00,160 [INFO] PluginManage:359 - Loaded plugin filemanager (category:base,tabindex:10)
2024-01-03 18:48:00,161 [INFO] PluginManage:310 - Check plugin ipmanager
2024-01-03 18:48:00,172 [INFO] PluginManage:359 - Loaded plugin ipmanager (category:base,tabindex:5)
2024-01-03 18:48:00,173 [INFO] PluginManage:310 - Check plugin lpbam
2024-01-03 18:48:00,199 [INFO] PluginManage:359 - Loaded plugin lpbam (category:base,tabindex:0)
2024-01-03 18:48:00,200 [INFO] PluginManage:310 - Check plugin memorymap
2024-01-03 18:48:00,242 [INFO] PluginManage:359 - Loaded plugin memorymap (category:base,tabindex:4)
2024-01-03 18:48:00,243 [INFO] PluginManage:310 - Check plugin pinoutandconfiguration
2024-01-03 18:48:00,271 [INFO] PluginManage:359 - Loaded plugin pinoutandconfiguration (category:base,tabindex:1)
2024-01-03 18:48:00,271 [INFO] PluginManage:310 - Check plugin pinoutconfig
2024-01-03 18:48:00,412 [WARN] SupportedApi:132 - Cannot load RTOS API schema: s4s-elt-must-match.1: The content of 'definitions' must match (annotation?, (simpleType | complexType)?, (unique | key | keyref)*)). A problem was found starting at: attribute.
2024-01-03 18:48:00,616 [INFO] PluginManage:359 - Loaded plugin pinoutconfig (category:base,tabindex:0)
2024-01-03 18:48:00,616 [INFO] PluginManage:310 - Check plugin power
2024-01-03 18:48:00,643 [INFO] PluginManage:359 - Loaded plugin power (category:power,tabindex:4)
2024-01-03 18:48:00,644 [INFO] PluginManage:310 - Check plugin projectmanager
2024-01-03 18:48:00,668 [INFO] PluginManage:359 - Loaded plugin projectmanager (category:projectmanager,tabindex:3)
2024-01-03 18:48:00,669 [INFO] PluginManage:310 - Check plugin thirdparty
2024-01-03 18:48:01,064 [WARN] IntegrityCheckThread:84 - waiting for thirdparty lock release [integrity check]
2024-01-03 18:48:01,064 [INFO] PluginManage:359 - Loaded plugin thirdparty (category:base,tabindex:-1)
2024-01-03 18:48:01,064 [INFO] IntegrityCheckThread:86 - entering critical section [integrity check]
2024-01-03 18:48:01,064 [INFO] PluginManage:310 - Check plugin tools
2024-01-03 18:48:01,065 [INFO] ThirdPartyUpdaterWithRetryManager:70 - Updater plugin not ready yet. [1/15]
2024-01-03 18:48:01,119 [INFO] PluginManage:359 - Loaded plugin tools (category:base,tabindex:7)
2024-01-03 18:48:01,119 [INFO] PluginManage:310 - Check plugin tutovideos
2024-01-03 18:48:01,402 [INFO] PluginManage:359 - Loaded plugin tutovideos (category:base,tabindex:-1)
2024-01-03 18:48:01,403 [INFO] PluginManage:310 - Check plugin updater
2024-01-03 18:48:01,419 [INFO] PluginManage:359 - Loaded plugin updater (category:base,tabindex:12)
2024-01-03 18:48:01,420 [INFO] PluginManage:310 - Check plugin userauth
2024-01-03 18:48:01,428 [INFO] UserAuth:114 - Init User Auth plugin
2024-01-03 18:48:01,429 [INFO] PluginManage:359 - Loaded plugin userauth (category:base,tabindex:14)
2024-01-03 18:48:01,429 [INFO] PluginManage:283 - PluginManage : Loaded plugins [17]
2024-01-03 18:48:01,821 [INFO] PinOutPanel:1499 - setPackage(No Configuration,No Configuration)
2024-01-03 18:48:01,987 [INFO] CADModel:165 - CPN selected for project level
2024-01-03 18:48:01,988 [INFO] CADModel:114 - Register for checkConnection events
2024-01-03 18:48:02,027 [INFO] IPUIPlugin:80 - create IPUIPlugin
2024-01-03 18:48:02,027 [INFO] PluginManager:220 - loadIPPluginJar : add adc
2024-01-03 18:48:02,081 [INFO] IPUIPlugin:80 - create IPUIPlugin
2024-01-03 18:48:02,081 [INFO] PluginManager:220 - loadIPPluginJar : add aes
2024-01-03 18:48:02,141 [INFO] IPUIPlugin:80 - create IPUIPlugin
2024-01-03 18:48:02,141 [INFO] PluginManager:220 - loadIPPluginJar : add can
2024-01-03 18:48:02,175 [INFO] IPUIPlugin:80 - create IPUIPlugin
2024-01-03 18:48:02,175 [INFO] PluginManager:220 - loadIPPluginJar : add comp
2024-01-03 18:48:02,223 [INFO] IPUIPlugin:80 - create IPUIPlugin
2024-01-03 18:48:02,223 [INFO] PluginManager:220 - loadIPPluginJar : add cryp
2024-01-03 18:48:02,267 [INFO] IPUIPlugin:80 - create IPUIPlugin
2024-01-03 18:48:02,267 [INFO] PluginManager:220 - loadIPPluginJar : add dfsdm
2024-01-03 18:48:02,289 [INFO] IPUIPlugin:80 - create IPUIPlugin
2024-01-03 18:48:02,289 [INFO] PluginManager:220 - loadIPPluginJar : add dma
2024-01-03 18:48:02,353 [INFO] IPUIPlugin:80 - create IPUIPlugin
2024-01-03 18:48:02,354 [INFO] PluginManager:220 - loadIPPluginJar : add dma3
2024-01-03 18:48:02,384 [INFO] IPUIPlugin:80 - create IPUIPlugin
2024-01-03 18:48:02,384 [INFO] PluginManager:220 - loadIPPluginJar : add fatfs
2024-01-03 18:48:02,451 [INFO] IPUIPlugin:80 - create IPUIPlugin
2024-01-03 18:48:02,452 [INFO] PluginManager:220 - loadIPPluginJar : add fmc
2024-01-03 18:48:02,476 [INFO] IPUIPlugin:80 - create IPUIPlugin
2024-01-03 18:48:02,476 [INFO] PluginManager:220 - loadIPPluginJar : add freertos
2024-01-03 18:48:02,507 [INFO] IPUIPlugin:80 - create IPUIPlugin
2024-01-03 18:48:02,507 [INFO] PluginManager:220 - loadIPPluginJar : add genericplugin
2024-01-03 18:48:02,645 [INFO] IPUIPlugin:80 - create IPUIPlugin
2024-01-03 18:48:02,646 [INFO] PluginManager:220 - loadIPPluginJar : add gfxmmu
2024-01-03 18:48:02,847 [INFO] IPUIPlugin:80 - create IPUIPlugin
2024-01-03 18:48:02,847 [INFO] PluginManager:220 - loadIPPluginJar : add gic
2024-01-03 18:48:02,878 [INFO] IPUIPlugin:80 - create IPUIPlugin
2024-01-03 18:48:02,878 [INFO] PluginManager:220 - loadIPPluginJar : add gpio
2024-01-03 18:48:03,008 [INFO] IPUIPlugin:80 - create IPUIPlugin
2024-01-03 18:48:03,008 [INFO] PluginManager:220 - loadIPPluginJar : add gtzc
2024-01-03 18:48:03,065 [INFO] IPUIPlugin:80 - create IPUIPlugin
2024-01-03 18:48:03,065 [INFO] PluginManager:220 - loadIPPluginJar : add hash
2024-01-03 18:48:03,139 [INFO] IPUIPlugin:80 - create IPUIPlugin
2024-01-03 18:48:03,139 [INFO] PluginManager:220 - loadIPPluginJar : add i2c
2024-01-03 18:48:03,205 [INFO] IPUIPlugin:80 - create IPUIPlugin
2024-01-03 18:48:03,205 [INFO] PluginManager:220 - loadIPPluginJar : add i2s
2024-01-03 18:48:03,267 [INFO] IPUIPlugin:80 - create IPUIPlugin
2024-01-03 18:48:03,268 [INFO] PluginManager:220 - loadIPPluginJar : add i3c
2024-01-03 18:48:03,418 [INFO] IPUIPlugin:80 - create IPUIPlugin
2024-01-03 18:48:03,419 [INFO] PluginManager:220 - loadIPPluginJar : add ipddr
2024-01-03 18:48:03,554 [INFO] IPUIPlugin:80 - create IPUIPlugin
2024-01-03 18:48:03,555 [INFO] PluginManager:220 - loadIPPluginJar : add linkedlist
2024-01-03 18:48:03,616 [INFO] IPUIPlugin:80 - create IPUIPlugin
2024-01-03 18:48:03,616 [INFO] PluginManager:220 - loadIPPluginJar : add lorawan
2024-01-03 18:48:03,669 [INFO] IPUIPlugin:80 - create IPUIPlugin
2024-01-03 18:48:03,669 [INFO] PluginManager:220 - loadIPPluginJar : add ltdc
2024-01-03 18:48:03,689 [INFO] IPUIPlugin:80 - create IPUIPlugin
2024-01-03 18:48:03,689 [INFO] PluginManager:220 - loadIPPluginJar : add mdma
2024-01-03 18:48:03,706 [INFO] IPUIPlugin:80 - create IPUIPlugin
2024-01-03 18:48:03,706 [INFO] PluginManager:220 - loadIPPluginJar : add nvic
2024-01-03 18:48:03,762 [INFO] IPUIPlugin:80 - create IPUIPlugin
2024-01-03 18:48:03,762 [INFO] PluginManager:220 - loadIPPluginJar : add opamp
2024-01-03 18:48:03,860 [INFO] IPUIPlugin:80 - create IPUIPlugin
2024-01-03 18:48:03,860 [INFO] PluginManager:220 - loadIPPluginJar : add openamp
2024-01-03 18:48:03,925 [INFO] IPUIPlugin:80 - create IPUIPlugin
2024-01-03 18:48:03,925 [INFO] PluginManager:220 - loadIPPluginJar : add pdm2pcm
2024-01-03 18:48:03,946 [INFO] IPUIPlugin:80 - create IPUIPlugin
2024-01-03 18:48:03,949 [INFO] PluginManager:220 - loadIPPluginJar : add plateformsettings
2024-01-03 18:48:03,982 [INFO] IPUIPlugin:80 - create IPUIPlugin
2024-01-03 18:48:03,983 [INFO] PluginManager:220 - loadIPPluginJar : add quadspi
2024-01-03 18:48:04,003 [INFO] IPUIPlugin:80 - create IPUIPlugin
2024-01-03 18:48:04,003 [INFO] PluginManager:220 - loadIPPluginJar : add resmgrutility
2024-01-03 18:48:04,066 [INFO] ThirdPartyUpdaterWithRetryManager:70 - Updater plugin not ready yet. [2/15]
2024-01-03 18:48:04,073 [INFO] IPUIPlugin:80 - create IPUIPlugin
2024-01-03 18:48:04,073 [INFO] PluginManager:220 - loadIPPluginJar : add sai
2024-01-03 18:48:04,139 [INFO] IPUIPlugin:80 - create IPUIPlugin
2024-01-03 18:48:04,139 [INFO] PluginManager:220 - loadIPPluginJar : add spi
2024-01-03 18:48:04,236 [INFO] IPUIPlugin:80 - create IPUIPlugin
2024-01-03 18:48:04,236 [INFO] PluginManager:220 - loadIPPluginJar : add stm32_wpan
2024-01-03 18:48:04,277 [INFO] IPUIPlugin:80 - create IPUIPlugin
2024-01-03 18:48:04,277 [INFO] PluginManager:220 - loadIPPluginJar : add tim
2024-01-03 18:48:04,357 [INFO] IPUIPlugin:80 - create IPUIPlugin
2024-01-03 18:48:04,357 [INFO] PluginManager:220 - loadIPPluginJar : add touchsensing
2024-01-03 18:48:04,390 [INFO] IPUIPlugin:80 - create IPUIPlugin
2024-01-03 18:48:04,390 [INFO] PluginManager:220 - loadIPPluginJar : add tracer_emb
2024-01-03 18:48:04,423 [INFO] IPUIPlugin:80 - create IPUIPlugin
2024-01-03 18:48:04,423 [INFO] PluginManager:220 - loadIPPluginJar : add ts
2024-01-03 18:48:04,454 [INFO] IPUIPlugin:80 - create IPUIPlugin
2024-01-03 18:48:04,454 [INFO] PluginManager:220 - loadIPPluginJar : add tsc
2024-01-03 18:48:04,488 [INFO] IPUIPlugin:80 - create IPUIPlugin
2024-01-03 18:48:04,488 [INFO] PluginManager:220 - loadIPPluginJar : add ucpd
2024-01-03 18:48:04,551 [INFO] IPUIPlugin:80 - create IPUIPlugin
2024-01-03 18:48:04,551 [INFO] PluginManager:220 - loadIPPluginJar : add usart
2024-01-03 18:48:04,616 [INFO] IPUIPlugin:80 - create IPUIPlugin
2024-01-03 18:48:04,616 [INFO] PluginManager:220 - loadIPPluginJar : add usbx
2024-01-03 18:48:04,815 [INFO] CADModel:165 - CPN selected for project level
2024-01-03 18:48:04,816 [INFO] CADModel:114 - Register for checkConnection events
2024-01-03 18:48:04,816 [FATAL] Updater:308 - Updater called before beeing initialized
2024-01-03 18:48:04,816 [ERROR] CADModel:125 - Updater not yet initialized, retry later 
2024-01-03 18:48:05,013 [INFO] CADModel:165 - CPN selected for project level
2024-01-03 18:48:05,013 [INFO] CADModel:114 - Register for checkConnection events
2024-01-03 18:48:05,013 [FATAL] Updater:308 - Updater called before beeing initialized
2024-01-03 18:48:05,013 [ERROR] CADModel:125 - Updater not yet initialized, retry later 
2024-01-03 18:48:05,018 [FATAL] Updater:308 - Updater called before beeing initialized
2024-01-03 18:48:05,175 [FATAL] Updater:308 - Updater called before beeing initialized
2024-01-03 18:48:05,189 [INFO] DbMcusAds:53 - JSON generation date=Wed Nov 29 12:52:27 EET 2023 (1701255147349)
2024-01-03 18:48:05,189 [FATAL] Updater:308 - Updater called before beeing initialized
2024-01-03 18:48:05,279 [WARN] DetailPanel:346 - Failed to get advertising image, set to default
2024-01-03 18:48:05,445 [FATAL] Updater:308 - Updater called before beeing initialized
2024-01-03 18:48:05,448 [FATAL] Updater:308 - Updater called before beeing initialized
2024-01-03 18:48:05,448 [FATAL] Updater:308 - Updater called before beeing initialized
2024-01-03 18:48:05,448 [WARN] DetailPanel:346 - Failed to get advertising image, set to default
2024-01-03 18:48:05,449 [FATAL] Updater:308 - Updater called before beeing initialized
2024-01-03 18:48:05,541 [ERROR] Updater:1120 - MainUpdater not yet initialized. External WinMGr cannot be set.
2024-01-03 18:48:05,556 [INFO] Updater:1056 - Updater Version found : 6.10.0
2024-01-03 18:48:05,591 [INFO] ApplicationProperties:184 - Using Application install path: C:\ST\STM32CubeIDE_1.14.0\STM32CubeIDE\plugins\com.st.stm32cube.common.mx_6.10.0.202311202037
2024-01-03 18:48:07,067 [INFO] ThirdPartyUpdaterWithRetryManager:70 - Updater plugin not ready yet. [3/15]
2024-01-03 18:48:07,191 [ERROR] LogOutputStream:75 - [STDERR_REDIRECT] Jan 03, 2024 6:48:07 PM java.util.prefs.WindowsPreferences <init>
2024-01-03 18:48:07,194 [ERROR] LogOutputStream:75 - [STDERR_REDIRECT] WARNING: Could not open/create prefs root node Software\JavaSoft\Prefs at root 0xffffffff80000002. Windows RegCreateKeyEx(...) returned error code 5.
2024-01-03 18:48:07,194 [ERROR] LogOutputStream:75 - [STDERR_REDIRECT] 
2024-01-03 18:48:07,686 [INFO] MainUpdater:2873 - connection check result : 10
2024-01-03 18:48:07,687 [INFO] MainUpdater:290 - Updater Check For Update Now.
2024-01-03 18:48:07,687 [INFO] MicroXplorer:498 - Change Database Version : DB.6.0.100
2024-01-03 18:48:07,740 [INFO] McuFinderGlobals:63 - Set McuFinder mode to 2 (CubeIDE integrated)
2024-01-03 18:48:07,741 [INFO] UserAuth:180 - activating auth plugin
2024-01-03 18:48:07,748 [INFO] UserAuth:404 - Internet connection configuration mode: 1
2024-01-03 18:48:07,836 [INFO] JxBrowserEngine:152 - Initiate JxBrowser Engine with user profile folder
2024-01-03 18:48:08,049 [INFO] CheckServerUpdateThread:120 - End of CheckServer Thread
2024-01-03 18:48:10,272 [WARN] PackLoader:240 - Cannot read IP mode file for STMicroelectronics.FP-SNS-MOTENV1.4.3.2
2024-01-03 18:48:10,319 [WARN] PackLoader:240 - Cannot read IP mode file for STMicroelectronics.FP-SNS-FLIGHT1.5.0.2
2024-01-03 18:48:10,410 [WARN] PackLoader:240 - Cannot read IP mode file for STMicroelectronics.X-CUBE-DISPLAY.3.0.0
2024-01-03 18:48:10,460 [WARN] PackLoader:240 - Cannot read IP mode file for STMicroelectronics.X-CUBE-BLE1.7.0.0
2024-01-03 18:48:10,497 [WARN] PackLoader:240 - Cannot read IP mode file for STMicroelectronics.FP-SNS-SMARTAG2.1.2.0
2024-01-03 18:48:10,532 [WARN] PackLoader:240 - Cannot read IP mode file for STMicroelectronics.X-CUBE-BLE2.3.3.0
2024-01-03 18:48:10,587 [WARN] PackLoader:240 - Cannot read IP mode file for STMicroelectronics.X-CUBE-BLEMGR.3.0.0
2024-01-03 18:48:10,623 [WARN] PackLoader:240 - Cannot read IP mode file for STMicroelectronics.FP-ATR-SIGFOX1.3.2.0
2024-01-03 18:48:10,652 [WARN] PackLoader:240 - Cannot read IP mode file for STMicroelectronics.X-CUBE-AI.8.1.0
2024-01-03 18:48:10,690 [WARN] PackLoader:240 - Cannot read IP mode file for STMicroelectronics.X-CUBE-ALS.1.0.1
2024-01-03 18:48:10,722 [WARN] PackLoader:240 - Cannot read IP mode file for STMicroelectronics.FP-ATR-ASTRA1.2.0.0
2024-01-03 18:48:10,723 [INFO] ThirdParty:978 - Integrity check success = true
2024-01-03 18:48:10,723 [INFO] IntegrityCheckThread:100 - exiting critical section [integrity check]
2024-01-03 18:48:10,724 [INFO] IntegrityCheckThread:103 - End integrity checks thread
2024-01-03 18:48:11,113 [INFO] WebApp:161 - Instantiating new browser for Auth
2024-01-03 18:48:12,091 [INFO] WebApp:780 - Register for checkConnection events
2024-01-03 18:48:12,091 [INFO] WebApp:414 - Apply proxy settings
2024-01-03 18:48:12,091 [INFO] WebApp:499 - Chromium requires no authentication
2024-01-03 18:48:12,101 [INFO] WebApp:442 - Direct internet connection detected
2024-01-03 18:48:12,320 [INFO] WebApp:192 - Starting web application
2024-01-03 18:48:12,321 [INFO] WebApp:544 - Web application path used C:\ST\STM32CubeIDE_1.14.0\STM32CubeIDE\plugins\com.st.stm32cube.common.mx_6.10.0.202311202037\db\plugins\mcufinder\reactClient1\index.html
2024-01-03 18:48:33,664 [ERROR] LogOutputStream:75 - [STDERR_REDIRECT] SLF4J: Failed to load class "org.slf4j.impl.StaticLoggerBinder".
2024-01-03 18:48:33,665 [ERROR] LogOutputStream:75 - [STDERR_REDIRECT] SLF4J: Defaulting to no-operation (NOP) logger implementation
2024-01-03 18:48:33,667 [ERROR] LogOutputStream:75 - [STDERR_REDIRECT] SLF4J: See http://www.slf4j.org/codes.html#StaticLoggerBinder for further details.
